ERROR - 2022-04-01 01:34:06 --> Error connecting to the database: No connection could be made because the target machine actively refused it
CRITICAL - 2022-04-01 01:34:06 --> Unable to connect to the database.
Main connection [MySQLi]: No connection could be made because the target machine actively refused it
#0 C:\xampp\htdocs\ci_project\system\Database\BaseConnection.php(577): CodeIgniter\Database\BaseConnection->initialize()
#1 C:\xampp\htdocs\ci_project\system\Database\BaseBuilder.php(1455): CodeIgniter\Database\BaseConnection->query('SELECT *\nFROM `...', Array, false)
#2 C:\xampp\htdocs\ci_project\system\Model.php(210): CodeIgniter\Database\BaseBuilder->get()
#3 C:\xampp\htdocs\ci_project\system\BaseModel.php(622): CodeIgniter\Model->doFirst()
#4 C:\xampp\htdocs\ci_project\app\Controllers\Login.php(20): CodeIgniter\BaseModel->first()
#5 C:\xampp\htdocs\ci_project\system\CodeIgniter.php(832): App\Controllers\Login->auth()
#6 C:\xampp\htdocs\ci_project\system\CodeIgniter.php(419): CodeIgniter\CodeIgniter->runController(Object(App\Controllers\Login))
#7 C:\xampp\htdocs\ci_project\system\CodeIgniter.php(326): CodeIgniter\CodeIgniter->handleRequest(NULL, Object(Config\Cache), false)
#8 C:\xampp\htdocs\ci_project\index.php(37): CodeIgniter\CodeIgniter->run()
#9 {main}
ERROR - 2022-04-01 01:34:08 --> Error connecting to the database: No connection could be made because the target machine actively refused it
CRITICAL - 2022-04-01 01:34:08 --> Unable to connect to the database.
Main connection [MySQLi]: No connection could be made because the target machine actively refused it
#0 C:\xampp\htdocs\ci_project\system\Database\BaseConnection.php(577): CodeIgniter\Database\BaseConnection->initialize()
#1 C:\xampp\htdocs\ci_project\system\Database\BaseBuilder.php(1455): CodeIgniter\Database\BaseConnection->query('SELECT *\nFROM `...', Array, false)
#2 C:\xampp\htdocs\ci_project\system\Model.php(210): CodeIgniter\Database\BaseBuilder->get()
#3 C:\xampp\htdocs\ci_project\system\BaseModel.php(622): CodeIgniter\Model->doFirst()
#4 C:\xampp\htdocs\ci_project\app\Controllers\Login.php(20): CodeIgniter\BaseModel->first()
#5 C:\xampp\htdocs\ci_project\system\CodeIgniter.php(832): App\Controllers\Login->auth()
#6 C:\xampp\htdocs\ci_project\system\CodeIgniter.php(419): CodeIgniter\CodeIgniter->runController(Object(App\Controllers\Login))
#7 C:\xampp\htdocs\ci_project\system\CodeIgniter.php(326): CodeIgniter\CodeIgniter->handleRequest(NULL, Object(Config\Cache), false)
#8 C:\xampp\htdocs\ci_project\index.php(37): CodeIgniter\CodeIgniter->run()
#9 {main}
ERROR - 2022-04-01 01:34:10 --> Error connecting to the database: No connection could be made because the target machine actively refused it
CRITICAL - 2022-04-01 01:34:10 --> Unable to connect to the database.
Main connection [MySQLi]: No connection could be made because the target machine actively refused it
#0 C:\xampp\htdocs\ci_project\system\Database\BaseConnection.php(577): CodeIgniter\Database\BaseConnection->initialize()
#1 C:\xampp\htdocs\ci_project\system\Database\BaseBuilder.php(1455): CodeIgniter\Database\BaseConnection->query('SELECT *\nFROM `...', Array, false)
#2 C:\xampp\htdocs\ci_project\system\Model.php(210): CodeIgniter\Database\BaseBuilder->get()
#3 C:\xampp\htdocs\ci_project\system\BaseModel.php(622): CodeIgniter\Model->doFirst()
#4 C:\xampp\htdocs\ci_project\app\Controllers\Login.php(20): CodeIgniter\BaseModel->first()
#5 C:\xampp\htdocs\ci_project\system\CodeIgniter.php(832): App\Controllers\Login->auth()
#6 C:\xampp\htdocs\ci_project\system\CodeIgniter.php(419): CodeIgniter\CodeIgniter->runController(Object(App\Controllers\Login))
#7 C:\xampp\htdocs\ci_project\system\CodeIgniter.php(326): CodeIgniter\CodeIgniter->handleRequest(NULL, Object(Config\Cache), false)
#8 C:\xampp\htdocs\ci_project\index.php(37): CodeIgniter\CodeIgniter->run()
#9 {main}
ERROR - 2022-04-01 01:34:12 --> Error connecting to the database: No connection could be made because the target machine actively refused it
CRITICAL - 2022-04-01 01:34:12 --> Unable to connect to the database.
Main connection [MySQLi]: No connection could be made because the target machine actively refused it
#0 C:\xampp\htdocs\ci_project\system\Database\BaseConnection.php(577): CodeIgniter\Database\BaseConnection->initialize()
#1 C:\xampp\htdocs\ci_project\system\Database\BaseBuilder.php(1455): CodeIgniter\Database\BaseConnection->query('SELECT *\nFROM `...', Array, false)
#2 C:\xampp\htdocs\ci_project\system\Model.php(210): CodeIgniter\Database\BaseBuilder->get()
#3 C:\xampp\htdocs\ci_project\system\BaseModel.php(622): CodeIgniter\Model->doFirst()
#4 C:\xampp\htdocs\ci_project\app\Controllers\Login.php(20): CodeIgniter\BaseModel->first()
#5 C:\xampp\htdocs\ci_project\system\CodeIgniter.php(832): App\Controllers\Login->auth()
#6 C:\xampp\htdocs\ci_project\system\CodeIgniter.php(419): CodeIgniter\CodeIgniter->runController(Object(App\Controllers\Login))
#7 C:\xampp\htdocs\ci_project\system\CodeIgniter.php(326): CodeIgniter\CodeIgniter->handleRequest(NULL, Object(Config\Cache), false)
#8 C:\xampp\htdocs\ci_project\index.php(37): CodeIgniter\CodeIgniter->run()
#9 {main}
ERROR - 2022-04-01 01:34:15 --> Error connecting to the database: No connection could be made because the target machine actively refused it
CRITICAL - 2022-04-01 01:34:15 --> Unable to connect to the database.
Main connection [MySQLi]: No connection could be made because the target machine actively refused it
#0 C:\xampp\htdocs\ci_project\system\Database\BaseConnection.php(577): CodeIgniter\Database\BaseConnection->initialize()
#1 C:\xampp\htdocs\ci_project\system\Database\BaseBuilder.php(1455): CodeIgniter\Database\BaseConnection->query('SELECT *\nFROM `...', Array, false)
#2 C:\xampp\htdocs\ci_project\system\Model.php(210): CodeIgniter\Database\BaseBuilder->get()
#3 C:\xampp\htdocs\ci_project\system\BaseModel.php(622): CodeIgniter\Model->doFirst()
#4 C:\xampp\htdocs\ci_project\app\Controllers\Login.php(20): CodeIgniter\BaseModel->first()
#5 C:\xampp\htdocs\ci_project\system\CodeIgniter.php(832): App\Controllers\Login->auth()
#6 C:\xampp\htdocs\ci_project\system\CodeIgniter.php(419): CodeIgniter\CodeIgniter->runController(Object(App\Controllers\Login))
#7 C:\xampp\htdocs\ci_project\system\CodeIgniter.php(326): CodeIgniter\CodeIgniter->handleRequest(NULL, Object(Config\Cache), false)
#8 C:\xampp\htdocs\ci_project\index.php(37): CodeIgniter\CodeIgniter->run()
#9 {main}
ERROR - 2022-04-01 01:34:17 --> Error connecting to the database: No connection could be made because the target machine actively refused it
CRITICAL - 2022-04-01 01:34:17 --> Unable to connect to the database.
Main connection [MySQLi]: No connection could be made because the target machine actively refused it
#0 C:\xampp\htdocs\ci_project\system\Database\BaseConnection.php(577): CodeIgniter\Database\BaseConnection->initialize()
#1 C:\xampp\htdocs\ci_project\system\Database\BaseBuilder.php(1455): CodeIgniter\Database\BaseConnection->query('SELECT *\nFROM `...', Array, false)
#2 C:\xampp\htdocs\ci_project\system\Model.php(210): CodeIgniter\Database\BaseBuilder->get()
#3 C:\xampp\htdocs\ci_project\system\BaseModel.php(622): CodeIgniter\Model->doFirst()
#4 C:\xampp\htdocs\ci_project\app\Controllers\Login.php(20): CodeIgniter\BaseModel->first()
#5 C:\xampp\htdocs\ci_project\system\CodeIgniter.php(832): App\Controllers\Login->auth()
#6 C:\xampp\htdocs\ci_project\system\CodeIgniter.php(419): CodeIgniter\CodeIgniter->runController(Object(App\Controllers\Login))
#7 C:\xampp\htdocs\ci_project\system\CodeIgniter.php(326): CodeIgniter\CodeIgniter->handleRequest(NULL, Object(Config\Cache), false)
#8 C:\xampp\htdocs\ci_project\index.php(37): CodeIgniter\CodeIgniter->run()
#9 {main}
ERROR - 2022-04-01 01:34:19 --> Error connecting to the database: No connection could be made because the target machine actively refused it
CRITICAL - 2022-04-01 01:34:19 --> Unable to connect to the database.
Main connection [MySQLi]: No connection could be made because the target machine actively refused it
#0 C:\xampp\htdocs\ci_project\system\Database\BaseConnection.php(577): CodeIgniter\Database\BaseConnection->initialize()
#1 C:\xampp\htdocs\ci_project\system\Database\BaseBuilder.php(1455): CodeIgniter\Database\BaseConnection->query('SELECT *\nFROM `...', Array, false)
#2 C:\xampp\htdocs\ci_project\system\Model.php(210): CodeIgniter\Database\BaseBuilder->get()
#3 C:\xampp\htdocs\ci_project\system\BaseModel.php(622): CodeIgniter\Model->doFirst()
#4 C:\xampp\htdocs\ci_project\app\Controllers\Login.php(20): CodeIgniter\BaseModel->first()
#5 C:\xampp\htdocs\ci_project\system\CodeIgniter.php(832): App\Controllers\Login->auth()
#6 C:\xampp\htdocs\ci_project\system\CodeIgniter.php(419): CodeIgniter\CodeIgniter->runController(Object(App\Controllers\Login))
#7 C:\xampp\htdocs\ci_project\system\CodeIgniter.php(326): CodeIgniter\CodeIgniter->handleRequest(NULL, Object(Config\Cache), false)
#8 C:\xampp\htdocs\ci_project\index.php(37): CodeIgniter\CodeIgniter->run()
#9 {main}
ERROR - 2022-04-01 01:34:21 --> Error connecting to the database: No connection could be made because the target machine actively refused it
CRITICAL - 2022-04-01 01:34:21 --> Unable to connect to the database.
Main connection [MySQLi]: No connection could be made because the target machine actively refused it
#0 C:\xampp\htdocs\ci_project\system\Database\BaseConnection.php(577): CodeIgniter\Database\BaseConnection->initialize()
#1 C:\xampp\htdocs\ci_project\system\Database\BaseBuilder.php(1455): CodeIgniter\Database\BaseConnection->query('SELECT *\nFROM `...', Array, false)
#2 C:\xampp\htdocs\ci_project\system\Model.php(210): CodeIgniter\Database\BaseBuilder->get()
#3 C:\xampp\htdocs\ci_project\system\BaseModel.php(622): CodeIgniter\Model->doFirst()
#4 C:\xampp\htdocs\ci_project\app\Controllers\Login.php(20): CodeIgniter\BaseModel->first()
#5 C:\xampp\htdocs\ci_project\system\CodeIgniter.php(832): App\Controllers\Login->auth()
#6 C:\xampp\htdocs\ci_project\system\CodeIgniter.php(419): CodeIgniter\CodeIgniter->runController(Object(App\Controllers\Login))
#7 C:\xampp\htdocs\ci_project\system\CodeIgniter.php(326): CodeIgniter\CodeIgniter->handleRequest(NULL, Object(Config\Cache), false)
#8 C:\xampp\htdocs\ci_project\index.php(37): CodeIgniter\CodeIgniter->run()
#9 {main}
ERROR - 2022-04-01 01:34:23 --> Error connecting to the database: No connection could be made because the target machine actively refused it
CRITICAL - 2022-04-01 01:34:23 --> Unable to connect to the database.
Main connection [MySQLi]: No connection could be made because the target machine actively refused it
#0 C:\xampp\htdocs\ci_project\system\Database\BaseConnection.php(577): CodeIgniter\Database\BaseConnection->initialize()
#1 C:\xampp\htdocs\ci_project\system\Database\BaseBuilder.php(1455): CodeIgniter\Database\BaseConnection->query('SELECT *\nFROM `...', Array, false)
#2 C:\xampp\htdocs\ci_project\system\Model.php(210): CodeIgniter\Database\BaseBuilder->get()
#3 C:\xampp\htdocs\ci_project\system\BaseModel.php(622): CodeIgniter\Model->doFirst()
#4 C:\xampp\htdocs\ci_project\app\Controllers\Login.php(20): CodeIgniter\BaseModel->first()
#5 C:\xampp\htdocs\ci_project\system\CodeIgniter.php(832): App\Controllers\Login->auth()
#6 C:\xampp\htdocs\ci_project\system\CodeIgniter.php(419): CodeIgniter\CodeIgniter->runController(Object(App\Controllers\Login))
#7 C:\xampp\htdocs\ci_project\system\CodeIgniter.php(326): CodeIgniter\CodeIgniter->handleRequest(NULL, Object(Config\Cache), false)
#8 C:\xampp\htdocs\ci_project\index.php(37): CodeIgniter\CodeIgniter->run()
#9 {main}
ERROR - 2022-04-01 01:34:25 --> Error connecting to the database: No connection could be made because the target machine actively refused it
CRITICAL - 2022-04-01 01:34:25 --> Unable to connect to the database.
Main connection [MySQLi]: No connection could be made because the target machine actively refused it
#0 C:\xampp\htdocs\ci_project\system\Database\BaseConnection.php(577): CodeIgniter\Database\BaseConnection->initialize()
#1 C:\xampp\htdocs\ci_project\system\Database\BaseBuilder.php(1455): CodeIgniter\Database\BaseConnection->query('SELECT *\nFROM `...', Array, false)
#2 C:\xampp\htdocs\ci_project\system\Model.php(210): CodeIgniter\Database\BaseBuilder->get()
#3 C:\xampp\htdocs\ci_project\system\BaseModel.php(622): CodeIgniter\Model->doFirst()
#4 C:\xampp\htdocs\ci_project\app\Controllers\Login.php(20): CodeIgniter\BaseModel->first()
#5 C:\xampp\htdocs\ci_project\system\CodeIgniter.php(832): App\Controllers\Login->auth()
#6 C:\xampp\htdocs\ci_project\system\CodeIgniter.php(419): CodeIgniter\CodeIgniter->runController(Object(App\Controllers\Login))
#7 C:\xampp\htdocs\ci_project\system\CodeIgniter.php(326): CodeIgniter\CodeIgniter->handleRequest(NULL, Object(Config\Cache), false)
#8 C:\xampp\htdocs\ci_project\index.php(37): CodeIgniter\CodeIgniter->run()
#9 {main}
ERROR - 2022-04-01 01:34:27 --> Error connecting to the database: No connection could be made because the target machine actively refused it
CRITICAL - 2022-04-01 01:34:27 --> Unable to connect to the database.
Main connection [MySQLi]: No connection could be made because the target machine actively refused it
#0 C:\xampp\htdocs\ci_project\system\Database\BaseConnection.php(577): CodeIgniter\Database\BaseConnection->initialize()
#1 C:\xampp\htdocs\ci_project\system\Database\BaseBuilder.php(1455): CodeIgniter\Database\BaseConnection->query('SELECT *\nFROM `...', Array, false)
#2 C:\xampp\htdocs\ci_project\system\Model.php(210): CodeIgniter\Database\BaseBuilder->get()
#3 C:\xampp\htdocs\ci_project\system\BaseModel.php(622): CodeIgniter\Model->doFirst()
#4 C:\xampp\htdocs\ci_project\app\Controllers\Login.php(20): CodeIgniter\BaseModel->first()
#5 C:\xampp\htdocs\ci_project\system\CodeIgniter.php(832): App\Controllers\Login->auth()
#6 C:\xampp\htdocs\ci_project\system\CodeIgniter.php(419): CodeIgniter\CodeIgniter->runController(Object(App\Controllers\Login))
#7 C:\xampp\htdocs\ci_project\system\CodeIgniter.php(326): CodeIgniter\CodeIgniter->handleRequest(NULL, Object(Config\Cache), false)
#8 C:\xampp\htdocs\ci_project\index.php(37): CodeIgniter\CodeIgniter->run()
#9 {main}
ERROR - 2022-04-01 01:34:29 --> Error connecting to the database: No connection could be made because the target machine actively refused it
CRITICAL - 2022-04-01 01:34:29 --> Unable to connect to the database.
Main connection [MySQLi]: No connection could be made because the target machine actively refused it
#0 C:\xampp\htdocs\ci_project\system\Database\BaseConnection.php(577): CodeIgniter\Database\BaseConnection->initialize()
#1 C:\xampp\htdocs\ci_project\system\Database\BaseBuilder.php(1455): CodeIgniter\Database\BaseConnection->query('SELECT *\nFROM `...', Array, false)
#2 C:\xampp\htdocs\ci_project\system\Model.php(210): CodeIgniter\Database\BaseBuilder->get()
#3 C:\xampp\htdocs\ci_project\system\BaseModel.php(622): CodeIgniter\Model->doFirst()
#4 C:\xampp\htdocs\ci_project\app\Controllers\Login.php(20): CodeIgniter\BaseModel->first()
#5 C:\xampp\htdocs\ci_project\system\CodeIgniter.php(832): App\Controllers\Login->auth()
#6 C:\xampp\htdocs\ci_project\system\CodeIgniter.php(419): CodeIgniter\CodeIgniter->runController(Object(App\Controllers\Login))
#7 C:\xampp\htdocs\ci_project\system\CodeIgniter.php(326): CodeIgniter\CodeIgniter->handleRequest(NULL, Object(Config\Cache), false)
#8 C:\xampp\htdocs\ci_project\index.php(37): CodeIgniter\CodeIgniter->run()
#9 {main}
ERROR - 2022-04-01 01:34:31 --> Error connecting to the database: No connection could be made because the target machine actively refused it
CRITICAL - 2022-04-01 01:34:31 --> Unable to connect to the database.
Main connection [MySQLi]: No connection could be made because the target machine actively refused it
#0 C:\xampp\htdocs\ci_project\system\Database\BaseConnection.php(577): CodeIgniter\Database\BaseConnection->initialize()
#1 C:\xampp\htdocs\ci_project\system\Database\BaseBuilder.php(1455): CodeIgniter\Database\BaseConnection->query('SELECT *\nFROM `...', Array, false)
#2 C:\xampp\htdocs\ci_project\system\Model.php(210): CodeIgniter\Database\BaseBuilder->get()
#3 C:\xampp\htdocs\ci_project\system\BaseModel.php(622): CodeIgniter\Model->doFirst()
#4 C:\xampp\htdocs\ci_project\app\Controllers\Login.php(20): CodeIgniter\BaseModel->first()
#5 C:\xampp\htdocs\ci_project\system\CodeIgniter.php(832): App\Controllers\Login->auth()
#6 C:\xampp\htdocs\ci_project\system\CodeIgniter.php(419): CodeIgniter\CodeIgniter->runController(Object(App\Controllers\Login))
#7 C:\xampp\htdocs\ci_project\system\CodeIgniter.php(326): CodeIgniter\CodeIgniter->handleRequest(NULL, Object(Config\Cache), false)
#8 C:\xampp\htdocs\ci_project\index.php(37): CodeIgniter\CodeIgniter->run()
#9 {main}
ERROR - 2022-04-01 01:34:34 --> Error connecting to the database: No connection could be made because the target machine actively refused it
CRITICAL - 2022-04-01 01:34:34 --> Unable to connect to the database.
Main connection [MySQLi]: No connection could be made because the target machine actively refused it
#0 C:\xampp\htdocs\ci_project\system\Database\BaseConnection.php(577): CodeIgniter\Database\BaseConnection->initialize()
#1 C:\xampp\htdocs\ci_project\system\Database\BaseBuilder.php(1455): CodeIgniter\Database\BaseConnection->query('SELECT *\nFROM `...', Array, false)
#2 C:\xampp\htdocs\ci_project\system\Model.php(210): CodeIgniter\Database\BaseBuilder->get()
#3 C:\xampp\htdocs\ci_project\system\BaseModel.php(622): CodeIgniter\Model->doFirst()
#4 C:\xampp\htdocs\ci_project\app\Controllers\Login.php(20): CodeIgniter\BaseModel->first()
#5 C:\xampp\htdocs\ci_project\system\CodeIgniter.php(832): App\Controllers\Login->auth()
#6 C:\xampp\htdocs\ci_project\system\CodeIgniter.php(419): CodeIgniter\CodeIgniter->runController(Object(App\Controllers\Login))
#7 C:\xampp\htdocs\ci_project\system\CodeIgniter.php(326): CodeIgniter\CodeIgniter->handleRequest(NULL, Object(Config\Cache), false)
#8 C:\xampp\htdocs\ci_project\index.php(37): CodeIgniter\CodeIgniter->run()
#9 {main}
ERROR - 2022-04-01 01:34:36 --> Error connecting to the database: No connection could be made because the target machine actively refused it
CRITICAL - 2022-04-01 01:34:36 --> Unable to connect to the database.
Main connection [MySQLi]: No connection could be made because the target machine actively refused it
#0 C:\xampp\htdocs\ci_project\system\Database\BaseConnection.php(577): CodeIgniter\Database\BaseConnection->initialize()
#1 C:\xampp\htdocs\ci_project\system\Database\BaseBuilder.php(1455): CodeIgniter\Database\BaseConnection->query('SELECT *\nFROM `...', Array, false)
#2 C:\xampp\htdocs\ci_project\system\Model.php(210): CodeIgniter\Database\BaseBuilder->get()
#3 C:\xampp\htdocs\ci_project\system\BaseModel.php(622): CodeIgniter\Model->doFirst()
#4 C:\xampp\htdocs\ci_project\app\Controllers\Login.php(20): CodeIgniter\BaseModel->first()
#5 C:\xampp\htdocs\ci_project\system\CodeIgniter.php(832): App\Controllers\Login->auth()
#6 C:\xampp\htdocs\ci_project\system\CodeIgniter.php(419): CodeIgniter\CodeIgniter->runController(Object(App\Controllers\Login))
#7 C:\xampp\htdocs\ci_project\system\CodeIgniter.php(326): CodeIgniter\CodeIgniter->handleRequest(NULL, Object(Config\Cache), false)
#8 C:\xampp\htdocs\ci_project\index.php(37): CodeIgniter\CodeIgniter->run()
#9 {main}
ERROR - 2022-04-01 01:34:38 --> Error connecting to the database: No connection could be made because the target machine actively refused it
CRITICAL - 2022-04-01 01:34:38 --> Unable to connect to the database.
Main connection [MySQLi]: No connection could be made because the target machine actively refused it
#0 C:\xampp\htdocs\ci_project\system\Database\BaseConnection.php(577): CodeIgniter\Database\BaseConnection->initialize()
#1 C:\xampp\htdocs\ci_project\system\Database\BaseBuilder.php(1455): CodeIgniter\Database\BaseConnection->query('SELECT *\nFROM `...', Array, false)
#2 C:\xampp\htdocs\ci_project\system\Model.php(210): CodeIgniter\Database\BaseBuilder->get()
#3 C:\xampp\htdocs\ci_project\system\BaseModel.php(622): CodeIgniter\Model->doFirst()
#4 C:\xampp\htdocs\ci_project\app\Controllers\Login.php(20): CodeIgniter\BaseModel->first()
#5 C:\xampp\htdocs\ci_project\system\CodeIgniter.php(832): App\Controllers\Login->auth()
#6 C:\xampp\htdocs\ci_project\system\CodeIgniter.php(419): CodeIgniter\CodeIgniter->runController(Object(App\Controllers\Login))
#7 C:\xampp\htdocs\ci_project\system\CodeIgniter.php(326): CodeIgniter\CodeIgniter->handleRequest(NULL, Object(Config\Cache), false)
#8 C:\xampp\htdocs\ci_project\index.php(37): CodeIgniter\CodeIgniter->run()
#9 {main}
ERROR - 2022-04-01 01:34:40 --> Error connecting to the database: No connection could be made because the target machine actively refused it
CRITICAL - 2022-04-01 01:34:40 --> Unable to connect to the database.
Main connection [MySQLi]: No connection could be made because the target machine actively refused it
#0 C:\xampp\htdocs\ci_project\system\Database\BaseConnection.php(577): CodeIgniter\Database\BaseConnection->initialize()
#1 C:\xampp\htdocs\ci_project\system\Database\BaseBuilder.php(1455): CodeIgniter\Database\BaseConnection->query('SELECT *\nFROM `...', Array, false)
#2 C:\xampp\htdocs\ci_project\system\Model.php(210): CodeIgniter\Database\BaseBuilder->get()
#3 C:\xampp\htdocs\ci_project\system\BaseModel.php(622): CodeIgniter\Model->doFirst()
#4 C:\xampp\htdocs\ci_project\app\Controllers\Login.php(20): CodeIgniter\BaseModel->first()
#5 C:\xampp\htdocs\ci_project\system\CodeIgniter.php(832): App\Controllers\Login->auth()
#6 C:\xampp\htdocs\ci_project\system\CodeIgniter.php(419): CodeIgniter\CodeIgniter->runController(Object(App\Controllers\Login))
#7 C:\xampp\htdocs\ci_project\system\CodeIgniter.php(326): CodeIgniter\CodeIgniter->handleRequest(NULL, Object(Config\Cache), false)
#8 C:\xampp\htdocs\ci_project\index.php(37): CodeIgniter\CodeIgniter->run()
#9 {main}
ERROR - 2022-04-01 01:34:42 --> Error connecting to the database: No connection could be made because the target machine actively refused it
CRITICAL - 2022-04-01 01:34:42 --> Unable to connect to the database.
Main connection [MySQLi]: No connection could be made because the target machine actively refused it
#0 C:\xampp\htdocs\ci_project\system\Database\BaseConnection.php(577): CodeIgniter\Database\BaseConnection->initialize()
#1 C:\xampp\htdocs\ci_project\system\Database\BaseBuilder.php(1455): CodeIgniter\Database\BaseConnection->query('SELECT *\nFROM `...', Array, false)
#2 C:\xampp\htdocs\ci_project\system\Model.php(210): CodeIgniter\Database\BaseBuilder->get()
#3 C:\xampp\htdocs\ci_project\system\BaseModel.php(622): CodeIgniter\Model->doFirst()
#4 C:\xampp\htdocs\ci_project\app\Controllers\Login.php(20): CodeIgniter\BaseModel->first()
#5 C:\xampp\htdocs\ci_project\system\CodeIgniter.php(832): App\Controllers\Login->auth()
#6 C:\xampp\htdocs\ci_project\system\CodeIgniter.php(419): CodeIgniter\CodeIgniter->runController(Object(App\Controllers\Login))
#7 C:\xampp\htdocs\ci_project\system\CodeIgniter.php(326): CodeIgniter\CodeIgniter->handleRequest(NULL, Object(Config\Cache), false)
#8 C:\xampp\htdocs\ci_project\index.php(37): CodeIgniter\CodeIgniter->run()
#9 {main}
ERROR - 2022-04-01 01:34:44 --> Error connecting to the database: No connection could be made because the target machine actively refused it
CRITICAL - 2022-04-01 01:34:44 --> Unable to connect to the database.
Main connection [MySQLi]: No connection could be made because the target machine actively refused it
#0 C:\xampp\htdocs\ci_project\system\Database\BaseConnection.php(577): CodeIgniter\Database\BaseConnection->initialize()
#1 C:\xampp\htdocs\ci_project\system\Database\BaseBuilder.php(1455): CodeIgniter\Database\BaseConnection->query('SELECT *\nFROM `...', Array, false)
#2 C:\xampp\htdocs\ci_project\system\Model.php(210): CodeIgniter\Database\BaseBuilder->get()
#3 C:\xampp\htdocs\ci_project\system\BaseModel.php(622): CodeIgniter\Model->doFirst()
#4 C:\xampp\htdocs\ci_project\app\Controllers\Login.php(20): CodeIgniter\BaseModel->first()
#5 C:\xampp\htdocs\ci_project\system\CodeIgniter.php(832): App\Controllers\Login->auth()
#6 C:\xampp\htdocs\ci_project\system\CodeIgniter.php(419): CodeIgniter\CodeIgniter->runController(Object(App\Controllers\Login))
#7 C:\xampp\htdocs\ci_project\system\CodeIgniter.php(326): CodeIgniter\CodeIgniter->handleRequest(NULL, Object(Config\Cache), false)
#8 C:\xampp\htdocs\ci_project\index.php(37): CodeIgniter\CodeIgniter->run()
#9 {main}
ERROR - 2022-04-01 01:34:46 --> Error connecting to the database: No connection could be made because the target machine actively refused it
CRITICAL - 2022-04-01 01:34:46 --> Unable to connect to the database.
Main connection [MySQLi]: No connection could be made because the target machine actively refused it
#0 C:\xampp\htdocs\ci_project\system\Database\BaseConnection.php(577): CodeIgniter\Database\BaseConnection->initialize()
#1 C:\xampp\htdocs\ci_project\system\Database\BaseBuilder.php(1455): CodeIgniter\Database\BaseConnection->query('SELECT *\nFROM `...', Array, false)
#2 C:\xampp\htdocs\ci_project\system\Model.php(210): CodeIgniter\Database\BaseBuilder->get()
#3 C:\xampp\htdocs\ci_project\system\BaseModel.php(622): CodeIgniter\Model->doFirst()
#4 C:\xampp\htdocs\ci_project\app\Controllers\Login.php(20): CodeIgniter\BaseModel->first()
#5 C:\xampp\htdocs\ci_project\system\CodeIgniter.php(832): App\Controllers\Login->auth()
#6 C:\xampp\htdocs\ci_project\system\CodeIgniter.php(419): CodeIgniter\CodeIgniter->runController(Object(App\Controllers\Login))
#7 C:\xampp\htdocs\ci_project\system\CodeIgniter.php(326): CodeIgniter\CodeIgniter->handleRequest(NULL, Object(Config\Cache), false)
#8 C:\xampp\htdocs\ci_project\index.php(37): CodeIgniter\CodeIgniter->run()
#9 {main}
ERROR - 2022-04-01 01:34:48 --> Error connecting to the database: No connection could be made because the target machine actively refused it
CRITICAL - 2022-04-01 01:34:48 --> Unable to connect to the database.
Main connection [MySQLi]: No connection could be made because the target machine actively refused it
#0 C:\xampp\htdocs\ci_project\system\Database\BaseConnection.php(577): CodeIgniter\Database\BaseConnection->initialize()
#1 C:\xampp\htdocs\ci_project\system\Database\BaseBuilder.php(1455): CodeIgniter\Database\BaseConnection->query('SELECT *\nFROM `...', Array, false)
#2 C:\xampp\htdocs\ci_project\system\Model.php(210): CodeIgniter\Database\BaseBuilder->get()
#3 C:\xampp\htdocs\ci_project\system\BaseModel.php(622): CodeIgniter\Model->doFirst()
#4 C:\xampp\htdocs\ci_project\app\Controllers\Login.php(20): CodeIgniter\BaseModel->first()
#5 C:\xampp\htdocs\ci_project\system\CodeIgniter.php(832): App\Controllers\Login->auth()
#6 C:\xampp\htdocs\ci_project\system\CodeIgniter.php(419): CodeIgniter\CodeIgniter->runController(Object(App\Controllers\Login))
#7 C:\xampp\htdocs\ci_project\system\CodeIgniter.php(326): CodeIgniter\CodeIgniter->handleRequest(NULL, Object(Config\Cache), false)
#8 C:\xampp\htdocs\ci_project\index.php(37): CodeIgniter\CodeIgniter->run()
#9 {main}
ERROR - 2022-04-01 01:34:50 --> Error connecting to the database: No connection could be made because the target machine actively refused it
CRITICAL - 2022-04-01 01:34:50 --> Unable to connect to the database.
Main connection [MySQLi]: No connection could be made because the target machine actively refused it
#0 C:\xampp\htdocs\ci_project\system\Database\BaseConnection.php(577): CodeIgniter\Database\BaseConnection->initialize()
#1 C:\xampp\htdocs\ci_project\system\Database\BaseBuilder.php(1455): CodeIgniter\Database\BaseConnection->query('SELECT *\nFROM `...', Array, false)
#2 C:\xampp\htdocs\ci_project\system\Model.php(210): CodeIgniter\Database\BaseBuilder->get()
#3 C:\xampp\htdocs\ci_project\system\BaseModel.php(622): CodeIgniter\Model->doFirst()
#4 C:\xampp\htdocs\ci_project\app\Controllers\Login.php(20): CodeIgniter\BaseModel->first()
#5 C:\xampp\htdocs\ci_project\system\CodeIgniter.php(832): App\Controllers\Login->auth()
#6 C:\xampp\htdocs\ci_project\system\CodeIgniter.php(419): CodeIgniter\CodeIgniter->runController(Object(App\Controllers\Login))
#7 C:\xampp\htdocs\ci_project\system\CodeIgniter.php(326): CodeIgniter\CodeIgniter->handleRequest(NULL, Object(Config\Cache), false)
#8 C:\xampp\htdocs\ci_project\index.php(37): CodeIgniter\CodeIgniter->run()
#9 {main}
ERROR - 2022-04-01 01:34:52 --> Error connecting to the database: No connection could be made because the target machine actively refused it
CRITICAL - 2022-04-01 01:34:52 --> Unable to connect to the database.
Main connection [MySQLi]: No connection could be made because the target machine actively refused it
#0 C:\xampp\htdocs\ci_project\system\Database\BaseConnection.php(577): CodeIgniter\Database\BaseConnection->initialize()
#1 C:\xampp\htdocs\ci_project\system\Database\BaseBuilder.php(1455): CodeIgniter\Database\BaseConnection->query('SELECT *\nFROM `...', Array, false)
#2 C:\xampp\htdocs\ci_project\system\Model.php(210): CodeIgniter\Database\BaseBuilder->get()
#3 C:\xampp\htdocs\ci_project\system\BaseModel.php(622): CodeIgniter\Model->doFirst()
#4 C:\xampp\htdocs\ci_project\app\Controllers\Login.php(20): CodeIgniter\BaseModel->first()
#5 C:\xampp\htdocs\ci_project\system\CodeIgniter.php(832): App\Controllers\Login->auth()
#6 C:\xampp\htdocs\ci_project\system\CodeIgniter.php(419): CodeIgniter\CodeIgniter->runController(Object(App\Controllers\Login))
#7 C:\xampp\htdocs\ci_project\system\CodeIgniter.php(326): CodeIgniter\CodeIgniter->handleRequest(NULL, Object(Config\Cache), false)
#8 C:\xampp\htdocs\ci_project\index.php(37): CodeIgniter\CodeIgniter->run()
#9 {main}
ERROR - 2022-04-01 01:36:11 --> Error connecting to the database: No connection could be made because the target machine actively refused it
CRITICAL - 2022-04-01 01:36:11 --> Unable to connect to the database.
Main connection [MySQLi]: No connection could be made because the target machine actively refused it
#0 C:\xampp\htdocs\ci_project\system\Database\BaseConnection.php(577): CodeIgniter\Database\BaseConnection->initialize()
#1 C:\xampp\htdocs\ci_project\system\Database\BaseBuilder.php(1455): CodeIgniter\Database\BaseConnection->query('SELECT *\nFROM `...', Array, false)
#2 C:\xampp\htdocs\ci_project\system\Model.php(210): CodeIgniter\Database\BaseBuilder->get()
#3 C:\xampp\htdocs\ci_project\system\BaseModel.php(622): CodeIgniter\Model->doFirst()
#4 C:\xampp\htdocs\ci_project\app\Controllers\Login.php(20): CodeIgniter\BaseModel->first()
#5 C:\xampp\htdocs\ci_project\system\CodeIgniter.php(832): App\Controllers\Login->auth()
#6 C:\xampp\htdocs\ci_project\system\CodeIgniter.php(419): CodeIgniter\CodeIgniter->runController(Object(App\Controllers\Login))
#7 C:\xampp\htdocs\ci_project\system\CodeIgniter.php(326): CodeIgniter\CodeIgniter->handleRequest(NULL, Object(Config\Cache), false)
#8 C:\xampp\htdocs\ci_project\index.php(37): CodeIgniter\CodeIgniter->run()
#9 {main}
ERROR - 2022-04-01 01:36:34 --> Error connecting to the database: No connection could be made because the target machine actively refused it
CRITICAL - 2022-04-01 01:36:34 --> Unable to connect to the database.
Main connection [MySQLi]: No connection could be made because the target machine actively refused it
#0 C:\xampp\htdocs\ci_project\system\Database\BaseConnection.php(577): CodeIgniter\Database\BaseConnection->initialize()
#1 C:\xampp\htdocs\ci_project\system\Database\BaseBuilder.php(1455): CodeIgniter\Database\BaseConnection->query('SELECT *\nFROM `...', Array, false)
#2 C:\xampp\htdocs\ci_project\system\Model.php(210): CodeIgniter\Database\BaseBuilder->get()
#3 C:\xampp\htdocs\ci_project\system\BaseModel.php(622): CodeIgniter\Model->doFirst()
#4 C:\xampp\htdocs\ci_project\app\Controllers\Login.php(20): CodeIgniter\BaseModel->first()
#5 C:\xampp\htdocs\ci_project\system\CodeIgniter.php(832): App\Controllers\Login->auth()
#6 C:\xampp\htdocs\ci_project\system\CodeIgniter.php(419): CodeIgniter\CodeIgniter->runController(Object(App\Controllers\Login))
#7 C:\xampp\htdocs\ci_project\system\CodeIgniter.php(326): CodeIgniter\CodeIgniter->handleRequest(NULL, Object(Config\Cache), false)
#8 C:\xampp\htdocs\ci_project\index.php(37): CodeIgniter\CodeIgniter->run()
#9 {main}
ERROR - 2022-04-01 01:38:02 --> Error connecting to the database: No connection could be made because the target machine actively refused it
CRITICAL - 2022-04-01 01:38:02 --> Unable to connect to the database.
Main connection [MySQLi]: No connection could be made because the target machine actively refused it
#0 C:\xampp\htdocs\ci_project\system\Database\BaseConnection.php(577): CodeIgniter\Database\BaseConnection->initialize()
#1 C:\xampp\htdocs\ci_project\system\Database\BaseBuilder.php(1455): CodeIgniter\Database\BaseConnection->query('SELECT *\nFROM `...', Array, false)
#2 C:\xampp\htdocs\ci_project\system\Model.php(210): CodeIgniter\Database\BaseBuilder->get()
#3 C:\xampp\htdocs\ci_project\system\BaseModel.php(622): CodeIgniter\Model->doFirst()
#4 C:\xampp\htdocs\ci_project\app\Controllers\Login.php(20): CodeIgniter\BaseModel->first()
#5 C:\xampp\htdocs\ci_project\system\CodeIgniter.php(832): App\Controllers\Login->auth()
#6 C:\xampp\htdocs\ci_project\system\CodeIgniter.php(419): CodeIgniter\CodeIgniter->runController(Object(App\Controllers\Login))
#7 C:\xampp\htdocs\ci_project\system\CodeIgniter.php(326): CodeIgniter\CodeIgniter->handleRequest(NULL, Object(Config\Cache), false)
#8 C:\xampp\htdocs\ci_project\index.php(37): CodeIgniter\CodeIgniter->run()
#9 {main}
ERROR - 2022-04-01 01:38:20 --> Error connecting to the database: No connection could be made because the target machine actively refused it
CRITICAL - 2022-04-01 01:38:20 --> Unable to connect to the database.
Main connection [MySQLi]: No connection could be made because the target machine actively refused it
#0 C:\xampp\htdocs\ci_project\system\Database\BaseConnection.php(577): CodeIgniter\Database\BaseConnection->initialize()
#1 C:\xampp\htdocs\ci_project\system\Database\BaseBuilder.php(1455): CodeIgniter\Database\BaseConnection->query('SELECT *\nFROM `...', Array, false)
#2 C:\xampp\htdocs\ci_project\system\Model.php(210): CodeIgniter\Database\BaseBuilder->get()
#3 C:\xampp\htdocs\ci_project\system\BaseModel.php(622): CodeIgniter\Model->doFirst()
#4 C:\xampp\htdocs\ci_project\app\Controllers\Login.php(20): CodeIgniter\BaseModel->first()
#5 C:\xampp\htdocs\ci_project\system\CodeIgniter.php(832): App\Controllers\Login->auth()
#6 C:\xampp\htdocs\ci_project\system\CodeIgniter.php(419): CodeIgniter\CodeIgniter->runController(Object(App\Controllers\Login))
#7 C:\xampp\htdocs\ci_project\system\CodeIgniter.php(326): CodeIgniter\CodeIgniter->handleRequest(NULL, Object(Config\Cache), false)
#8 C:\xampp\htdocs\ci_project\index.php(37): CodeIgniter\CodeIgniter->run()
#9 {main}
ERROR - 2022-04-01 01:38:22 --> Error connecting to the database: No connection could be made because the target machine actively refused it
CRITICAL - 2022-04-01 01:38:22 --> Unable to connect to the database.
Main connection [MySQLi]: No connection could be made because the target machine actively refused it
#0 C:\xampp\htdocs\ci_project\system\Database\BaseConnection.php(577): CodeIgniter\Database\BaseConnection->initialize()
#1 C:\xampp\htdocs\ci_project\system\Database\BaseBuilder.php(1455): CodeIgniter\Database\BaseConnection->query('SELECT *\nFROM `...', Array, false)
#2 C:\xampp\htdocs\ci_project\system\Model.php(210): CodeIgniter\Database\BaseBuilder->get()
#3 C:\xampp\htdocs\ci_project\system\BaseModel.php(622): CodeIgniter\Model->doFirst()
#4 C:\xampp\htdocs\ci_project\app\Controllers\Login.php(20): CodeIgniter\BaseModel->first()
#5 C:\xampp\htdocs\ci_project\system\CodeIgniter.php(832): App\Controllers\Login->auth()
#6 C:\xampp\htdocs\ci_project\system\CodeIgniter.php(419): CodeIgniter\CodeIgniter->runController(Object(App\Controllers\Login))
#7 C:\xampp\htdocs\ci_project\system\CodeIgniter.php(326): CodeIgniter\CodeIgniter->handleRequest(NULL, Object(Config\Cache), false)
#8 C:\xampp\htdocs\ci_project\index.php(37): CodeIgniter\CodeIgniter->run()
#9 {main}
ERROR - 2022-04-01 01:38:24 --> Error connecting to the database: No connection could be made because the target machine actively refused it
CRITICAL - 2022-04-01 01:38:24 --> Unable to connect to the database.
Main connection [MySQLi]: No connection could be made because the target machine actively refused it
#0 C:\xampp\htdocs\ci_project\system\Database\BaseConnection.php(577): CodeIgniter\Database\BaseConnection->initialize()
#1 C:\xampp\htdocs\ci_project\system\Database\BaseBuilder.php(1455): CodeIgniter\Database\BaseConnection->query('SELECT *\nFROM `...', Array, false)
#2 C:\xampp\htdocs\ci_project\system\Model.php(210): CodeIgniter\Database\BaseBuilder->get()
#3 C:\xampp\htdocs\ci_project\system\BaseModel.php(622): CodeIgniter\Model->doFirst()
#4 C:\xampp\htdocs\ci_project\app\Controllers\Login.php(20): CodeIgniter\BaseModel->first()
#5 C:\xampp\htdocs\ci_project\system\CodeIgniter.php(832): App\Controllers\Login->auth()
#6 C:\xampp\htdocs\ci_project\system\CodeIgniter.php(419): CodeIgniter\CodeIgniter->runController(Object(App\Controllers\Login))
#7 C:\xampp\htdocs\ci_project\system\CodeIgniter.php(326): CodeIgniter\CodeIgniter->handleRequest(NULL, Object(Config\Cache), false)
#8 C:\xampp\htdocs\ci_project\index.php(37): CodeIgniter\CodeIgniter->run()
#9 {main}
ERROR - 2022-04-01 01:38:26 --> Error connecting to the database: No connection could be made because the target machine actively refused it
CRITICAL - 2022-04-01 01:38:26 --> Unable to connect to the database.
Main connection [MySQLi]: No connection could be made because the target machine actively refused it
#0 C:\xampp\htdocs\ci_project\system\Database\BaseConnection.php(577): CodeIgniter\Database\BaseConnection->initialize()
#1 C:\xampp\htdocs\ci_project\system\Database\BaseBuilder.php(1455): CodeIgniter\Database\BaseConnection->query('SELECT *\nFROM `...', Array, false)
#2 C:\xampp\htdocs\ci_project\system\Model.php(210): CodeIgniter\Database\BaseBuilder->get()
#3 C:\xampp\htdocs\ci_project\system\BaseModel.php(622): CodeIgniter\Model->doFirst()
#4 C:\xampp\htdocs\ci_project\app\Controllers\Login.php(20): CodeIgniter\BaseModel->first()
#5 C:\xampp\htdocs\ci_project\system\CodeIgniter.php(832): App\Controllers\Login->auth()
#6 C:\xampp\htdocs\ci_project\system\CodeIgniter.php(419): CodeIgniter\CodeIgniter->runController(Object(App\Controllers\Login))
#7 C:\xampp\htdocs\ci_project\system\CodeIgniter.php(326): CodeIgniter\CodeIgniter->handleRequest(NULL, Object(Config\Cache), false)
#8 C:\xampp\htdocs\ci_project\index.php(37): CodeIgniter\CodeIgniter->run()
#9 {main}
ERROR - 2022-04-01 01:38:28 --> Error connecting to the database: No connection could be made because the target machine actively refused it
CRITICAL - 2022-04-01 01:38:28 --> Unable to connect to the database.
Main connection [MySQLi]: No connection could be made because the target machine actively refused it
#0 C:\xampp\htdocs\ci_project\system\Database\BaseConnection.php(577): CodeIgniter\Database\BaseConnection->initialize()
#1 C:\xampp\htdocs\ci_project\system\Database\BaseBuilder.php(1455): CodeIgniter\Database\BaseConnection->query('SELECT *\nFROM `...', Array, false)
#2 C:\xampp\htdocs\ci_project\system\Model.php(210): CodeIgniter\Database\BaseBuilder->get()
#3 C:\xampp\htdocs\ci_project\system\BaseModel.php(622): CodeIgniter\Model->doFirst()
#4 C:\xampp\htdocs\ci_project\app\Controllers\Login.php(20): CodeIgniter\BaseModel->first()
#5 C:\xampp\htdocs\ci_project\system\CodeIgniter.php(832): App\Controllers\Login->auth()
#6 C:\xampp\htdocs\ci_project\system\CodeIgniter.php(419): CodeIgniter\CodeIgniter->runController(Object(App\Controllers\Login))
#7 C:\xampp\htdocs\ci_project\system\CodeIgniter.php(326): CodeIgniter\CodeIgniter->handleRequest(NULL, Object(Config\Cache), false)
#8 C:\xampp\htdocs\ci_project\index.php(37): CodeIgniter\CodeIgniter->run()
#9 {main}
ERROR - 2022-04-01 01:38:30 --> Error connecting to the database: No connection could be made because the target machine actively refused it
CRITICAL - 2022-04-01 01:38:30 --> Unable to connect to the database.
Main connection [MySQLi]: No connection could be made because the target machine actively refused it
#0 C:\xampp\htdocs\ci_project\system\Database\BaseConnection.php(577): CodeIgniter\Database\BaseConnection->initialize()
#1 C:\xampp\htdocs\ci_project\system\Database\BaseBuilder.php(1455): CodeIgniter\Database\BaseConnection->query('SELECT *\nFROM `...', Array, false)
#2 C:\xampp\htdocs\ci_project\system\Model.php(210): CodeIgniter\Database\BaseBuilder->get()
#3 C:\xampp\htdocs\ci_project\system\BaseModel.php(622): CodeIgniter\Model->doFirst()
#4 C:\xampp\htdocs\ci_project\app\Controllers\Login.php(20): CodeIgniter\BaseModel->first()
#5 C:\xampp\htdocs\ci_project\system\CodeIgniter.php(832): App\Controllers\Login->auth()
#6 C:\xampp\htdocs\ci_project\system\CodeIgniter.php(419): CodeIgniter\CodeIgniter->runController(Object(App\Controllers\Login))
#7 C:\xampp\htdocs\ci_project\system\CodeIgniter.php(326): CodeIgniter\CodeIgniter->handleRequest(NULL, Object(Config\Cache), false)
#8 C:\xampp\htdocs\ci_project\index.php(37): CodeIgniter\CodeIgniter->run()
#9 {main}
ERROR - 2022-04-01 01:38:32 --> Error connecting to the database: No connection could be made because the target machine actively refused it
CRITICAL - 2022-04-01 01:38:32 --> Unable to connect to the database.
Main connection [MySQLi]: No connection could be made because the target machine actively refused it
#0 C:\xampp\htdocs\ci_project\system\Database\BaseConnection.php(577): CodeIgniter\Database\BaseConnection->initialize()
#1 C:\xampp\htdocs\ci_project\system\Database\BaseBuilder.php(1455): CodeIgniter\Database\BaseConnection->query('SELECT *\nFROM `...', Array, false)
#2 C:\xampp\htdocs\ci_project\system\Model.php(210): CodeIgniter\Database\BaseBuilder->get()
#3 C:\xampp\htdocs\ci_project\system\BaseModel.php(622): CodeIgniter\Model->doFirst()
#4 C:\xampp\htdocs\ci_project\app\Controllers\Login.php(20): CodeIgniter\BaseModel->first()
#5 C:\xampp\htdocs\ci_project\system\CodeIgniter.php(832): App\Controllers\Login->auth()
#6 C:\xampp\htdocs\ci_project\system\CodeIgniter.php(419): CodeIgniter\CodeIgniter->runController(Object(App\Controllers\Login))
#7 C:\xampp\htdocs\ci_project\system\CodeIgniter.php(326): CodeIgniter\CodeIgniter->handleRequest(NULL, Object(Config\Cache), false)
#8 C:\xampp\htdocs\ci_project\index.php(37): CodeIgniter\CodeIgniter->run()
#9 {main}
ERROR - 2022-04-01 01:38:34 --> Error connecting to the database: No connection could be made because the target machine actively refused it
CRITICAL - 2022-04-01 01:38:34 --> Unable to connect to the database.
Main connection [MySQLi]: No connection could be made because the target machine actively refused it
#0 C:\xampp\htdocs\ci_project\system\Database\BaseConnection.php(577): CodeIgniter\Database\BaseConnection->initialize()
#1 C:\xampp\htdocs\ci_project\system\Database\BaseBuilder.php(1455): CodeIgniter\Database\BaseConnection->query('SELECT *\nFROM `...', Array, false)
#2 C:\xampp\htdocs\ci_project\system\Model.php(210): CodeIgniter\Database\BaseBuilder->get()
#3 C:\xampp\htdocs\ci_project\system\BaseModel.php(622): CodeIgniter\Model->doFirst()
#4 C:\xampp\htdocs\ci_project\app\Controllers\Login.php(20): CodeIgniter\BaseModel->first()
#5 C:\xampp\htdocs\ci_project\system\CodeIgniter.php(832): App\Controllers\Login->auth()
#6 C:\xampp\htdocs\ci_project\system\CodeIgniter.php(419): CodeIgniter\CodeIgniter->runController(Object(App\Controllers\Login))
#7 C:\xampp\htdocs\ci_project\system\CodeIgniter.php(326): CodeIgniter\CodeIgniter->handleRequest(NULL, Object(Config\Cache), false)
#8 C:\xampp\htdocs\ci_project\index.php(37): CodeIgniter\CodeIgniter->run()
#9 {main}
ERROR - 2022-04-01 01:38:36 --> Error connecting to the database: No connection could be made because the target machine actively refused it
CRITICAL - 2022-04-01 01:38:36 --> Unable to connect to the database.
Main connection [MySQLi]: No connection could be made because the target machine actively refused it
#0 C:\xampp\htdocs\ci_project\system\Database\BaseConnection.php(577): CodeIgniter\Database\BaseConnection->initialize()
#1 C:\xampp\htdocs\ci_project\system\Database\BaseBuilder.php(1455): CodeIgniter\Database\BaseConnection->query('SELECT *\nFROM `...', Array, false)
#2 C:\xampp\htdocs\ci_project\system\Model.php(210): CodeIgniter\Database\BaseBuilder->get()
#3 C:\xampp\htdocs\ci_project\system\BaseModel.php(622): CodeIgniter\Model->doFirst()
#4 C:\xampp\htdocs\ci_project\app\Controllers\Login.php(20): CodeIgniter\BaseModel->first()
#5 C:\xampp\htdocs\ci_project\system\CodeIgniter.php(832): App\Controllers\Login->auth()
#6 C:\xampp\htdocs\ci_project\system\CodeIgniter.php(419): CodeIgniter\CodeIgniter->runController(Object(App\Controllers\Login))
#7 C:\xampp\htdocs\ci_project\system\CodeIgniter.php(326): CodeIgniter\CodeIgniter->handleRequest(NULL, Object(Config\Cache), false)
#8 C:\xampp\htdocs\ci_project\index.php(37): CodeIgniter\CodeIgniter->run()
#9 {main}
ERROR - 2022-04-01 01:38:38 --> Error connecting to the database: No connection could be made because the target machine actively refused it
CRITICAL - 2022-04-01 01:38:38 --> Unable to connect to the database.
Main connection [MySQLi]: No connection could be made because the target machine actively refused it
#0 C:\xampp\htdocs\ci_project\system\Database\BaseConnection.php(577): CodeIgniter\Database\BaseConnection->initialize()
#1 C:\xampp\htdocs\ci_project\system\Database\BaseBuilder.php(1455): CodeIgniter\Database\BaseConnection->query('SELECT *\nFROM `...', Array, false)
#2 C:\xampp\htdocs\ci_project\system\Model.php(210): CodeIgniter\Database\BaseBuilder->get()
#3 C:\xampp\htdocs\ci_project\system\BaseModel.php(622): CodeIgniter\Model->doFirst()
#4 C:\xampp\htdocs\ci_project\app\Controllers\Login.php(20): CodeIgniter\BaseModel->first()
#5 C:\xampp\htdocs\ci_project\system\CodeIgniter.php(832): App\Controllers\Login->auth()
#6 C:\xampp\htdocs\ci_project\system\CodeIgniter.php(419): CodeIgniter\CodeIgniter->runController(Object(App\Controllers\Login))
#7 C:\xampp\htdocs\ci_project\system\CodeIgniter.php(326): CodeIgniter\CodeIgniter->handleRequest(NULL, Object(Config\Cache), false)
#8 C:\xampp\htdocs\ci_project\index.php(37): CodeIgniter\CodeIgniter->run()
#9 {main}
ERROR - 2022-04-01 01:38:41 --> Error connecting to the database: No connection could be made because the target machine actively refused it
CRITICAL - 2022-04-01 01:38:41 --> Unable to connect to the database.
Main connection [MySQLi]: No connection could be made because the target machine actively refused it
#0 C:\xampp\htdocs\ci_project\system\Database\BaseConnection.php(577): CodeIgniter\Database\BaseConnection->initialize()
#1 C:\xampp\htdocs\ci_project\system\Database\BaseBuilder.php(1455): CodeIgniter\Database\BaseConnection->query('SELECT *\nFROM `...', Array, false)
#2 C:\xampp\htdocs\ci_project\system\Model.php(210): CodeIgniter\Database\BaseBuilder->get()
#3 C:\xampp\htdocs\ci_project\system\BaseModel.php(622): CodeIgniter\Model->doFirst()
#4 C:\xampp\htdocs\ci_project\app\Controllers\Login.php(20): CodeIgniter\BaseModel->first()
#5 C:\xampp\htdocs\ci_project\system\CodeIgniter.php(832): App\Controllers\Login->auth()
#6 C:\xampp\htdocs\ci_project\system\CodeIgniter.php(419): CodeIgniter\CodeIgniter->runController(Object(App\Controllers\Login))
#7 C:\xampp\htdocs\ci_project\system\CodeIgniter.php(326): CodeIgniter\CodeIgniter->handleRequest(NULL, Object(Config\Cache), false)
#8 C:\xampp\htdocs\ci_project\index.php(37): CodeIgniter\CodeIgniter->run()
#9 {main}
ERROR - 2022-04-01 01:38:43 --> Error connecting to the database: No connection could be made because the target machine actively refused it
CRITICAL - 2022-04-01 01:38:43 --> Unable to connect to the database.
Main connection [MySQLi]: No connection could be made because the target machine actively refused it
#0 C:\xampp\htdocs\ci_project\system\Database\BaseConnection.php(577): CodeIgniter\Database\BaseConnection->initialize()
#1 C:\xampp\htdocs\ci_project\system\Database\BaseBuilder.php(1455): CodeIgniter\Database\BaseConnection->query('SELECT *\nFROM `...', Array, false)
#2 C:\xampp\htdocs\ci_project\system\Model.php(210): CodeIgniter\Database\BaseBuilder->get()
#3 C:\xampp\htdocs\ci_project\system\BaseModel.php(622): CodeIgniter\Model->doFirst()
#4 C:\xampp\htdocs\ci_project\app\Controllers\Login.php(20): CodeIgniter\BaseModel->first()
#5 C:\xampp\htdocs\ci_project\system\CodeIgniter.php(832): App\Controllers\Login->auth()
#6 C:\xampp\htdocs\ci_project\system\CodeIgniter.php(419): CodeIgniter\CodeIgniter->runController(Object(App\Controllers\Login))
#7 C:\xampp\htdocs\ci_project\system\CodeIgniter.php(326): CodeIgniter\CodeIgniter->handleRequest(NULL, Object(Config\Cache), false)
#8 C:\xampp\htdocs\ci_project\index.php(37): CodeIgniter\CodeIgniter->run()
#9 {main}
ERROR - 2022-04-01 01:38:45 --> Error connecting to the database: No connection could be made because the target machine actively refused it
CRITICAL - 2022-04-01 01:38:45 --> Unable to connect to the database.
Main connection [MySQLi]: No connection could be made because the target machine actively refused it
#0 C:\xampp\htdocs\ci_project\system\Database\BaseConnection.php(577): CodeIgniter\Database\BaseConnection->initialize()
#1 C:\xampp\htdocs\ci_project\system\Database\BaseBuilder.php(1455): CodeIgniter\Database\BaseConnection->query('SELECT *\nFROM `...', Array, false)
#2 C:\xampp\htdocs\ci_project\system\Model.php(210): CodeIgniter\Database\BaseBuilder->get()
#3 C:\xampp\htdocs\ci_project\system\BaseModel.php(622): CodeIgniter\Model->doFirst()
#4 C:\xampp\htdocs\ci_project\app\Controllers\Login.php(20): CodeIgniter\BaseModel->first()
#5 C:\xampp\htdocs\ci_project\system\CodeIgniter.php(832): App\Controllers\Login->auth()
#6 C:\xampp\htdocs\ci_project\system\CodeIgniter.php(419): CodeIgniter\CodeIgniter->runController(Object(App\Controllers\Login))
#7 C:\xampp\htdocs\ci_project\system\CodeIgniter.php(326): CodeIgniter\CodeIgniter->handleRequest(NULL, Object(Config\Cache), false)
#8 C:\xampp\htdocs\ci_project\index.php(37): CodeIgniter\CodeIgniter->run()
#9 {main}
ERROR - 2022-04-01 01:38:47 --> Error connecting to the database: No connection could be made because the target machine actively refused it
CRITICAL - 2022-04-01 01:38:47 --> Unable to connect to the database.
Main connection [MySQLi]: No connection could be made because the target machine actively refused it
#0 C:\xampp\htdocs\ci_project\system\Database\BaseConnection.php(577): CodeIgniter\Database\BaseConnection->initialize()
#1 C:\xampp\htdocs\ci_project\system\Database\BaseBuilder.php(1455): CodeIgniter\Database\BaseConnection->query('SELECT *\nFROM `...', Array, false)
#2 C:\xampp\htdocs\ci_project\system\Model.php(210): CodeIgniter\Database\BaseBuilder->get()
#3 C:\xampp\htdocs\ci_project\system\BaseModel.php(622): CodeIgniter\Model->doFirst()
#4 C:\xampp\htdocs\ci_project\app\Controllers\Login.php(20): CodeIgniter\BaseModel->first()
#5 C:\xampp\htdocs\ci_project\system\CodeIgniter.php(832): App\Controllers\Login->auth()
#6 C:\xampp\htdocs\ci_project\system\CodeIgniter.php(419): CodeIgniter\CodeIgniter->runController(Object(App\Controllers\Login))
#7 C:\xampp\htdocs\ci_project\system\CodeIgniter.php(326): CodeIgniter\CodeIgniter->handleRequest(NULL, Object(Config\Cache), false)
#8 C:\xampp\htdocs\ci_project\index.php(37): CodeIgniter\CodeIgniter->run()
#9 {main}
CRITICAL - 2022-04-01 01:40:39 --> Undefined variable $data
#0 C:\xampp\htdocs\ci_project\app\Controllers\Login.php(21): CodeIgniter\Debug\Exceptions->errorHandler(2, 'Undefined varia...', 'C:\\xampp\\htdocs...', 21)
#1 C:\xampp\htdocs\ci_project\system\CodeIgniter.php(832): App\Controllers\Login->auth()
#2 C:\xampp\htdocs\ci_project\system\CodeIgniter.php(419): CodeIgniter\CodeIgniter->runController(Object(App\Controllers\Login))
#3 C:\xampp\htdocs\ci_project\system\CodeIgniter.php(326): CodeIgniter\CodeIgniter->handleRequest(NULL, Object(Config\Cache), false)
#4 C:\xampp\htdocs\ci_project\index.php(37): CodeIgniter\CodeIgniter->run()
#5 {main}
ERROR - 2022-04-01 01:42:38 --> Error connecting to the database: No connection could be made because the target machine actively refused it
CRITICAL - 2022-04-01 01:42:38 --> Unable to connect to the database.
Main connection [MySQLi]: No connection could be made because the target machine actively refused it
#0 C:\xampp\htdocs\ci_project\system\Database\BaseConnection.php(577): CodeIgniter\Database\BaseConnection->initialize()
#1 C:\xampp\htdocs\ci_project\system\Database\BaseBuilder.php(1455): CodeIgniter\Database\BaseConnection->query('SELECT *\nFROM `...', Array, false)
#2 C:\xampp\htdocs\ci_project\system\Model.php(210): CodeIgniter\Database\BaseBuilder->get()
#3 C:\xampp\htdocs\ci_project\system\BaseModel.php(622): CodeIgniter\Model->doFirst()
#4 C:\xampp\htdocs\ci_project\app\Controllers\Login.php(20): CodeIgniter\BaseModel->first()
#5 C:\xampp\htdocs\ci_project\system\CodeIgniter.php(832): App\Controllers\Login->auth()
#6 C:\xampp\htdocs\ci_project\system\CodeIgniter.php(419): CodeIgniter\CodeIgniter->runController(Object(App\Controllers\Login))
#7 C:\xampp\htdocs\ci_project\system\CodeIgniter.php(326): CodeIgniter\CodeIgniter->handleRequest(NULL, Object(Config\Cache), false)
#8 C:\xampp\htdocs\ci_project\index.php(37): CodeIgniter\CodeIgniter->run()
#9 {main}
ERROR - 2022-04-01 01:45:10 --> Error connecting to the database: No connection could be made because the target machine actively refused it
CRITICAL - 2022-04-01 01:45:10 --> Unable to connect to the database.
Main connection [MySQLi]: No connection could be made because the target machine actively refused it
#0 C:\xampp\htdocs\ci_project\system\Database\BaseConnection.php(577): CodeIgniter\Database\BaseConnection->initialize()
#1 C:\xampp\htdocs\ci_project\system\Database\BaseBuilder.php(1455): CodeIgniter\Database\BaseConnection->query('SELECT *\nFROM `...', Array, false)
#2 C:\xampp\htdocs\ci_project\system\Model.php(210): CodeIgniter\Database\BaseBuilder->get()
#3 C:\xampp\htdocs\ci_project\system\BaseModel.php(622): CodeIgniter\Model->doFirst()
#4 C:\xampp\htdocs\ci_project\app\Controllers\Login.php(20): CodeIgniter\BaseModel->first()
#5 C:\xampp\htdocs\ci_project\system\CodeIgniter.php(832): App\Controllers\Login->auth()
#6 C:\xampp\htdocs\ci_project\system\CodeIgniter.php(419): CodeIgniter\CodeIgniter->runController(Object(App\Controllers\Login))
#7 C:\xampp\htdocs\ci_project\system\CodeIgniter.php(326): CodeIgniter\CodeIgniter->handleRequest(NULL, Object(Config\Cache), false)
#8 C:\xampp\htdocs\ci_project\index.php(37): CodeIgniter\CodeIgniter->run()
#9 {main}
ERROR - 2022-04-01 01:45:12 --> Error connecting to the database: No connection could be made because the target machine actively refused it
CRITICAL - 2022-04-01 01:45:12 --> Unable to connect to the database.
Main connection [MySQLi]: No connection could be made because the target machine actively refused it
#0 C:\xampp\htdocs\ci_project\system\Database\BaseConnection.php(577): CodeIgniter\Database\BaseConnection->initialize()
#1 C:\xampp\htdocs\ci_project\system\Database\BaseBuilder.php(1455): CodeIgniter\Database\BaseConnection->query('SELECT *\nFROM `...', Array, false)
#2 C:\xampp\htdocs\ci_project\system\Model.php(210): CodeIgniter\Database\BaseBuilder->get()
#3 C:\xampp\htdocs\ci_project\system\BaseModel.php(622): CodeIgniter\Model->doFirst()
#4 C:\xampp\htdocs\ci_project\app\Controllers\Login.php(20): CodeIgniter\BaseModel->first()
#5 C:\xampp\htdocs\ci_project\system\CodeIgniter.php(832): App\Controllers\Login->auth()
#6 C:\xampp\htdocs\ci_project\system\CodeIgniter.php(419): CodeIgniter\CodeIgniter->runController(Object(App\Controllers\Login))
#7 C:\xampp\htdocs\ci_project\system\CodeIgniter.php(326): CodeIgniter\CodeIgniter->handleRequest(NULL, Object(Config\Cache), false)
#8 C:\xampp\htdocs\ci_project\index.php(37): CodeIgniter\CodeIgniter->run()
#9 {main}
