CRITICAL - 2022-03-23 03:07:32 --> Call to undefined method App\Controllers\Register::hash_password()
#0 C:\xampp\htdocs\ci_project\system\CodeIgniter.php(832): App\Controllers\Register->registerInsert()
#1 C:\xampp\htdocs\ci_project\system\CodeIgniter.php(419): CodeIgniter\CodeIgniter->runController(Object(App\Controllers\Register))
#2 C:\xampp\htdocs\ci_project\system\CodeIgniter.php(326): CodeIgniter\CodeIgniter->handleRequest(NULL, Object(Config\Cache), false)
#3 C:\xampp\htdocs\ci_project\index.php(37): CodeIgniter\CodeIgniter->run()
#4 {main}
CRITICAL - 2022-03-23 03:07:34 --> Call to undefined method App\Controllers\Register::hash_password()
#0 C:\xampp\htdocs\ci_project\system\CodeIgniter.php(832): App\Controllers\Register->registerInsert()
#1 C:\xampp\htdocs\ci_project\system\CodeIgniter.php(419): CodeIgniter\CodeIgniter->runController(Object(App\Controllers\Register))
#2 C:\xampp\htdocs\ci_project\system\CodeIgniter.php(326): CodeIgniter\CodeIgniter->handleRequest(NULL, Object(Config\Cache), false)
#3 C:\xampp\htdocs\ci_project\index.php(37): CodeIgniter\CodeIgniter->run()
#4 {main}
CRITICAL - 2022-03-23 03:07:35 --> Call to undefined method App\Controllers\Register::hash_password()
#0 C:\xampp\htdocs\ci_project\system\CodeIgniter.php(832): App\Controllers\Register->registerInsert()
#1 C:\xampp\htdocs\ci_project\system\CodeIgniter.php(419): CodeIgniter\CodeIgniter->runController(Object(App\Controllers\Register))
#2 C:\xampp\htdocs\ci_project\system\CodeIgniter.php(326): CodeIgniter\CodeIgniter->handleRequest(NULL, Object(Config\Cache), false)
#3 C:\xampp\htdocs\ci_project\index.php(37): CodeIgniter\CodeIgniter->run()
#4 {main}
CRITICAL - 2022-03-23 03:07:35 --> Call to undefined method App\Controllers\Register::hash_password()
#0 C:\xampp\htdocs\ci_project\system\CodeIgniter.php(832): App\Controllers\Register->registerInsert()
#1 C:\xampp\htdocs\ci_project\system\CodeIgniter.php(419): CodeIgniter\CodeIgniter->runController(Object(App\Controllers\Register))
#2 C:\xampp\htdocs\ci_project\system\CodeIgniter.php(326): CodeIgniter\CodeIgniter->handleRequest(NULL, Object(Config\Cache), false)
#3 C:\xampp\htdocs\ci_project\index.php(37): CodeIgniter\CodeIgniter->run()
#4 {main}
CRITICAL - 2022-03-23 03:07:36 --> Call to undefined method App\Controllers\Register::hash_password()
#0 C:\xampp\htdocs\ci_project\system\CodeIgniter.php(832): App\Controllers\Register->registerInsert()
#1 C:\xampp\htdocs\ci_project\system\CodeIgniter.php(419): CodeIgniter\CodeIgniter->runController(Object(App\Controllers\Register))
#2 C:\xampp\htdocs\ci_project\system\CodeIgniter.php(326): CodeIgniter\CodeIgniter->handleRequest(NULL, Object(Config\Cache), false)
#3 C:\xampp\htdocs\ci_project\index.php(37): CodeIgniter\CodeIgniter->run()
#4 {main}
CRITICAL - 2022-03-23 03:07:36 --> Call to undefined method App\Controllers\Register::hash_password()
#0 C:\xampp\htdocs\ci_project\system\CodeIgniter.php(832): App\Controllers\Register->registerInsert()
#1 C:\xampp\htdocs\ci_project\system\CodeIgniter.php(419): CodeIgniter\CodeIgniter->runController(Object(App\Controllers\Register))
#2 C:\xampp\htdocs\ci_project\system\CodeIgniter.php(326): CodeIgniter\CodeIgniter->handleRequest(NULL, Object(Config\Cache), false)
#3 C:\xampp\htdocs\ci_project\index.php(37): CodeIgniter\CodeIgniter->run()
#4 {main}
CRITICAL - 2022-03-23 03:07:36 --> Call to undefined method App\Controllers\Register::hash_password()
#0 C:\xampp\htdocs\ci_project\system\CodeIgniter.php(832): App\Controllers\Register->registerInsert()
#1 C:\xampp\htdocs\ci_project\system\CodeIgniter.php(419): CodeIgniter\CodeIgniter->runController(Object(App\Controllers\Register))
#2 C:\xampp\htdocs\ci_project\system\CodeIgniter.php(326): CodeIgniter\CodeIgniter->handleRequest(NULL, Object(Config\Cache), false)
#3 C:\xampp\htdocs\ci_project\index.php(37): CodeIgniter\CodeIgniter->run()
#4 {main}
CRITICAL - 2022-03-23 03:07:37 --> Call to undefined method App\Controllers\Register::hash_password()
#0 C:\xampp\htdocs\ci_project\system\CodeIgniter.php(832): App\Controllers\Register->registerInsert()
#1 C:\xampp\htdocs\ci_project\system\CodeIgniter.php(419): CodeIgniter\CodeIgniter->runController(Object(App\Controllers\Register))
#2 C:\xampp\htdocs\ci_project\system\CodeIgniter.php(326): CodeIgniter\CodeIgniter->handleRequest(NULL, Object(Config\Cache), false)
#3 C:\xampp\htdocs\ci_project\index.php(37): CodeIgniter\CodeIgniter->run()
#4 {main}
CRITICAL - 2022-03-23 03:07:37 --> Call to undefined method App\Controllers\Register::hash_password()
#0 C:\xampp\htdocs\ci_project\system\CodeIgniter.php(832): App\Controllers\Register->registerInsert()
#1 C:\xampp\htdocs\ci_project\system\CodeIgniter.php(419): CodeIgniter\CodeIgniter->runController(Object(App\Controllers\Register))
#2 C:\xampp\htdocs\ci_project\system\CodeIgniter.php(326): CodeIgniter\CodeIgniter->handleRequest(NULL, Object(Config\Cache), false)
#3 C:\xampp\htdocs\ci_project\index.php(37): CodeIgniter\CodeIgniter->run()
#4 {main}
CRITICAL - 2022-03-23 03:07:37 --> Call to undefined method App\Controllers\Register::hash_password()
#0 C:\xampp\htdocs\ci_project\system\CodeIgniter.php(832): App\Controllers\Register->registerInsert()
#1 C:\xampp\htdocs\ci_project\system\CodeIgniter.php(419): CodeIgniter\CodeIgniter->runController(Object(App\Controllers\Register))
#2 C:\xampp\htdocs\ci_project\system\CodeIgniter.php(326): CodeIgniter\CodeIgniter->handleRequest(NULL, Object(Config\Cache), false)
#3 C:\xampp\htdocs\ci_project\index.php(37): CodeIgniter\CodeIgniter->run()
#4 {main}
CRITICAL - 2022-03-23 03:07:37 --> Call to undefined method App\Controllers\Register::hash_password()
#0 C:\xampp\htdocs\ci_project\system\CodeIgniter.php(832): App\Controllers\Register->registerInsert()
#1 C:\xampp\htdocs\ci_project\system\CodeIgniter.php(419): CodeIgniter\CodeIgniter->runController(Object(App\Controllers\Register))
#2 C:\xampp\htdocs\ci_project\system\CodeIgniter.php(326): CodeIgniter\CodeIgniter->handleRequest(NULL, Object(Config\Cache), false)
#3 C:\xampp\htdocs\ci_project\index.php(37): CodeIgniter\CodeIgniter->run()
#4 {main}
CRITICAL - 2022-03-23 03:07:38 --> Call to undefined method App\Controllers\Register::hash_password()
#0 C:\xampp\htdocs\ci_project\system\CodeIgniter.php(832): App\Controllers\Register->registerInsert()
#1 C:\xampp\htdocs\ci_project\system\CodeIgniter.php(419): CodeIgniter\CodeIgniter->runController(Object(App\Controllers\Register))
#2 C:\xampp\htdocs\ci_project\system\CodeIgniter.php(326): CodeIgniter\CodeIgniter->handleRequest(NULL, Object(Config\Cache), false)
#3 C:\xampp\htdocs\ci_project\index.php(37): CodeIgniter\CodeIgniter->run()
#4 {main}
CRITICAL - 2022-03-23 03:07:38 --> Call to undefined method App\Controllers\Register::hash_password()
#0 C:\xampp\htdocs\ci_project\system\CodeIgniter.php(832): App\Controllers\Register->registerInsert()
#1 C:\xampp\htdocs\ci_project\system\CodeIgniter.php(419): CodeIgniter\CodeIgniter->runController(Object(App\Controllers\Register))
#2 C:\xampp\htdocs\ci_project\system\CodeIgniter.php(326): CodeIgniter\CodeIgniter->handleRequest(NULL, Object(Config\Cache), false)
#3 C:\xampp\htdocs\ci_project\index.php(37): CodeIgniter\CodeIgniter->run()
#4 {main}
CRITICAL - 2022-03-23 03:18:03 --> syntax error, unexpected identifier "password_verify", expecting "]"
#0 C:\xampp\htdocs\ci_project\system\Autoloader\Autoloader.php(241): CodeIgniter\Autoloader\Autoloader->includeFile('C:\\xampp\\htdocs...')
#1 C:\xampp\htdocs\ci_project\system\Autoloader\Autoloader.php(219): CodeIgniter\Autoloader\Autoloader->loadInNamespace('App\\Controllers...')
#2 [internal function]: CodeIgniter\Autoloader\Autoloader->loadClass('App\\Controllers...')
#3 C:\xampp\htdocs\ci_project\system\CodeIgniter.php(797): class_exists('\\App\\Controller...', true)
#4 C:\xampp\htdocs\ci_project\system\CodeIgniter.php(406): CodeIgniter\CodeIgniter->startController()
#5 C:\xampp\htdocs\ci_project\system\CodeIgniter.php(326): CodeIgniter\CodeIgniter->handleRequest(NULL, Object(Config\Cache), false)
#6 C:\xampp\htdocs\ci_project\index.php(37): CodeIgniter\CodeIgniter->run()
#7 {main}
CRITICAL - 2022-03-23 03:18:20 --> syntax error, unexpected token "echo", expecting "]"
#0 C:\xampp\htdocs\ci_project\system\Autoloader\Autoloader.php(241): CodeIgniter\Autoloader\Autoloader->includeFile('C:\\xampp\\htdocs...')
#1 C:\xampp\htdocs\ci_project\system\Autoloader\Autoloader.php(219): CodeIgniter\Autoloader\Autoloader->loadInNamespace('App\\Controllers...')
#2 [internal function]: CodeIgniter\Autoloader\Autoloader->loadClass('App\\Controllers...')
#3 C:\xampp\htdocs\ci_project\system\CodeIgniter.php(797): class_exists('\\App\\Controller...', true)
#4 C:\xampp\htdocs\ci_project\system\CodeIgniter.php(406): CodeIgniter\CodeIgniter->startController()
#5 C:\xampp\htdocs\ci_project\system\CodeIgniter.php(326): CodeIgniter\CodeIgniter->handleRequest(NULL, Object(Config\Cache), false)
#6 C:\xampp\htdocs\ci_project\index.php(37): CodeIgniter\CodeIgniter->run()
#7 {main}
CRITICAL - 2022-03-23 03:18:21 --> syntax error, unexpected token "echo", expecting "]"
#0 C:\xampp\htdocs\ci_project\system\Autoloader\Autoloader.php(241): CodeIgniter\Autoloader\Autoloader->includeFile('C:\\xampp\\htdocs...')
#1 C:\xampp\htdocs\ci_project\system\Autoloader\Autoloader.php(219): CodeIgniter\Autoloader\Autoloader->loadInNamespace('App\\Controllers...')
#2 [internal function]: CodeIgniter\Autoloader\Autoloader->loadClass('App\\Controllers...')
#3 C:\xampp\htdocs\ci_project\system\CodeIgniter.php(797): class_exists('\\App\\Controller...', true)
#4 C:\xampp\htdocs\ci_project\system\CodeIgniter.php(406): CodeIgniter\CodeIgniter->startController()
#5 C:\xampp\htdocs\ci_project\system\CodeIgniter.php(326): CodeIgniter\CodeIgniter->handleRequest(NULL, Object(Config\Cache), false)
#6 C:\xampp\htdocs\ci_project\index.php(37): CodeIgniter\CodeIgniter->run()
#7 {main}
CRITICAL - 2022-03-23 04:57:15 --> Undefined property: App\Controllers\Register::$load
#0 C:\xampp\htdocs\ci_project\app\Controllers\Register.php(12): CodeIgniter\Debug\Exceptions->errorHandler(2, 'Undefined prope...', 'C:\\xampp\\htdocs...', 12)
#1 C:\xampp\htdocs\ci_project\system\CodeIgniter.php(832): App\Controllers\Register->index()
#2 C:\xampp\htdocs\ci_project\system\CodeIgniter.php(419): CodeIgniter\CodeIgniter->runController(Object(App\Controllers\Register))
#3 C:\xampp\htdocs\ci_project\system\CodeIgniter.php(326): CodeIgniter\CodeIgniter->handleRequest(NULL, Object(Config\Cache), false)
#4 C:\xampp\htdocs\ci_project\index.php(37): CodeIgniter\CodeIgniter->run()
#5 {main}
CRITICAL - 2022-03-23 04:58:22 --> Undefined property: CodeIgniter\View\View::$load
#0 C:\xampp\htdocs\ci_project\app\Views\site\kernal.php(3): CodeIgniter\Debug\Exceptions->errorHandler(2, 'Undefined prope...', 'C:\\xampp\\htdocs...', 3)
#1 C:\xampp\htdocs\ci_project\system\View\View.php(210): include('C:\\xampp\\htdocs...')
#2 C:\xampp\htdocs\ci_project\system\View\View.php(213): CodeIgniter\View\View->CodeIgniter\View\{closure}()
#3 C:\xampp\htdocs\ci_project\system\Common.php(1089): CodeIgniter\View\View->render('site/kernal', Array, true)
#4 C:\xampp\htdocs\ci_project\app\Controllers\Register.php(12): view('site/kernal', Array)
#5 C:\xampp\htdocs\ci_project\system\CodeIgniter.php(832): App\Controllers\Register->index()
#6 C:\xampp\htdocs\ci_project\system\CodeIgniter.php(419): CodeIgniter\CodeIgniter->runController(Object(App\Controllers\Register))
#7 C:\xampp\htdocs\ci_project\system\CodeIgniter.php(326): CodeIgniter\CodeIgniter->handleRequest(NULL, Object(Config\Cache), false)
#8 C:\xampp\htdocs\ci_project\index.php(37): CodeIgniter\CodeIgniter->run()
#9 {main}
CRITICAL - 2022-03-23 04:58:23 --> Undefined property: CodeIgniter\View\View::$load
#0 C:\xampp\htdocs\ci_project\app\Views\site\kernal.php(3): CodeIgniter\Debug\Exceptions->errorHandler(2, 'Undefined prope...', 'C:\\xampp\\htdocs...', 3)
#1 C:\xampp\htdocs\ci_project\system\View\View.php(210): include('C:\\xampp\\htdocs...')
#2 C:\xampp\htdocs\ci_project\system\View\View.php(213): CodeIgniter\View\View->CodeIgniter\View\{closure}()
#3 C:\xampp\htdocs\ci_project\system\Common.php(1089): CodeIgniter\View\View->render('site/kernal', Array, true)
#4 C:\xampp\htdocs\ci_project\app\Controllers\Register.php(12): view('site/kernal', Array)
#5 C:\xampp\htdocs\ci_project\system\CodeIgniter.php(832): App\Controllers\Register->index()
#6 C:\xampp\htdocs\ci_project\system\CodeIgniter.php(419): CodeIgniter\CodeIgniter->runController(Object(App\Controllers\Register))
#7 C:\xampp\htdocs\ci_project\system\CodeIgniter.php(326): CodeIgniter\CodeIgniter->handleRequest(NULL, Object(Config\Cache), false)
#8 C:\xampp\htdocs\ci_project\index.php(37): CodeIgniter\CodeIgniter->run()
#9 {main}
CRITICAL - 2022-03-23 04:58:23 --> Undefined property: CodeIgniter\View\View::$load
#0 C:\xampp\htdocs\ci_project\app\Views\site\kernal.php(3): CodeIgniter\Debug\Exceptions->errorHandler(2, 'Undefined prope...', 'C:\\xampp\\htdocs...', 3)
#1 C:\xampp\htdocs\ci_project\system\View\View.php(210): include('C:\\xampp\\htdocs...')
#2 C:\xampp\htdocs\ci_project\system\View\View.php(213): CodeIgniter\View\View->CodeIgniter\View\{closure}()
#3 C:\xampp\htdocs\ci_project\system\Common.php(1089): CodeIgniter\View\View->render('site/kernal', Array, true)
#4 C:\xampp\htdocs\ci_project\app\Controllers\Register.php(12): view('site/kernal', Array)
#5 C:\xampp\htdocs\ci_project\system\CodeIgniter.php(832): App\Controllers\Register->index()
#6 C:\xampp\htdocs\ci_project\system\CodeIgniter.php(419): CodeIgniter\CodeIgniter->runController(Object(App\Controllers\Register))
#7 C:\xampp\htdocs\ci_project\system\CodeIgniter.php(326): CodeIgniter\CodeIgniter->handleRequest(NULL, Object(Config\Cache), false)
#8 C:\xampp\htdocs\ci_project\index.php(37): CodeIgniter\CodeIgniter->run()
#9 {main}
CRITICAL - 2022-03-23 04:58:24 --> Undefined property: CodeIgniter\View\View::$load
#0 C:\xampp\htdocs\ci_project\app\Views\site\kernal.php(3): CodeIgniter\Debug\Exceptions->errorHandler(2, 'Undefined prope...', 'C:\\xampp\\htdocs...', 3)
#1 C:\xampp\htdocs\ci_project\system\View\View.php(210): include('C:\\xampp\\htdocs...')
#2 C:\xampp\htdocs\ci_project\system\View\View.php(213): CodeIgniter\View\View->CodeIgniter\View\{closure}()
#3 C:\xampp\htdocs\ci_project\system\Common.php(1089): CodeIgniter\View\View->render('site/kernal', Array, true)
#4 C:\xampp\htdocs\ci_project\app\Controllers\Register.php(12): view('site/kernal', Array)
#5 C:\xampp\htdocs\ci_project\system\CodeIgniter.php(832): App\Controllers\Register->index()
#6 C:\xampp\htdocs\ci_project\system\CodeIgniter.php(419): CodeIgniter\CodeIgniter->runController(Object(App\Controllers\Register))
#7 C:\xampp\htdocs\ci_project\system\CodeIgniter.php(326): CodeIgniter\CodeIgniter->handleRequest(NULL, Object(Config\Cache), false)
#8 C:\xampp\htdocs\ci_project\index.php(37): CodeIgniter\CodeIgniter->run()
#9 {main}
CRITICAL - 2022-03-23 06:10:41 --> syntax error, unexpected token "var"
#0 C:\xampp\htdocs\ci_project\system\Router\Router.php(175): CodeIgniter\Router\Router->autoRoute('/register')
#1 C:\xampp\htdocs\ci_project\system\CodeIgniter.php(726): CodeIgniter\Router\Router->handle('/register')
#2 C:\xampp\htdocs\ci_project\system\CodeIgniter.php(368): CodeIgniter\CodeIgniter->tryToRouteIt(Object(CodeIgniter\Router\RouteCollection))
#3 C:\xampp\htdocs\ci_project\system\CodeIgniter.php(326): CodeIgniter\CodeIgniter->handleRequest(NULL, Object(Config\Cache), false)
#4 C:\xampp\htdocs\ci_project\index.php(37): CodeIgniter\CodeIgniter->run()
#5 {main}
CRITICAL - 2022-03-23 06:11:09 --> syntax error, unexpected token "="
#0 C:\xampp\htdocs\ci_project\system\Router\Router.php(175): CodeIgniter\Router\Router->autoRoute('/register')
#1 C:\xampp\htdocs\ci_project\system\CodeIgniter.php(726): CodeIgniter\Router\Router->handle('/register')
#2 C:\xampp\htdocs\ci_project\system\CodeIgniter.php(368): CodeIgniter\CodeIgniter->tryToRouteIt(Object(CodeIgniter\Router\RouteCollection))
#3 C:\xampp\htdocs\ci_project\system\CodeIgniter.php(326): CodeIgniter\CodeIgniter->handleRequest(NULL, Object(Config\Cache), false)
#4 C:\xampp\htdocs\ci_project\index.php(37): CodeIgniter\CodeIgniter->run()
#5 {main}
CRITICAL - 2022-03-23 06:11:10 --> syntax error, unexpected token "="
#0 C:\xampp\htdocs\ci_project\system\Router\Router.php(175): CodeIgniter\Router\Router->autoRoute('/register')
#1 C:\xampp\htdocs\ci_project\system\CodeIgniter.php(726): CodeIgniter\Router\Router->handle('/register')
#2 C:\xampp\htdocs\ci_project\system\CodeIgniter.php(368): CodeIgniter\CodeIgniter->tryToRouteIt(Object(CodeIgniter\Router\RouteCollection))
#3 C:\xampp\htdocs\ci_project\system\CodeIgniter.php(326): CodeIgniter\CodeIgniter->handleRequest(NULL, Object(Config\Cache), false)
#4 C:\xampp\htdocs\ci_project\index.php(37): CodeIgniter\CodeIgniter->run()
#5 {main}
CRITICAL - 2022-03-23 06:11:20 --> syntax error, unexpected token "var"
#0 C:\xampp\htdocs\ci_project\system\Router\Router.php(175): CodeIgniter\Router\Router->autoRoute('/register')
#1 C:\xampp\htdocs\ci_project\system\CodeIgniter.php(726): CodeIgniter\Router\Router->handle('/register')
#2 C:\xampp\htdocs\ci_project\system\CodeIgniter.php(368): CodeIgniter\CodeIgniter->tryToRouteIt(Object(CodeIgniter\Router\RouteCollection))
#3 C:\xampp\htdocs\ci_project\system\CodeIgniter.php(326): CodeIgniter\CodeIgniter->handleRequest(NULL, Object(Config\Cache), false)
#4 C:\xampp\htdocs\ci_project\index.php(37): CodeIgniter\CodeIgniter->run()
#5 {main}
CRITICAL - 2022-03-23 06:12:31 --> syntax error, unexpected token "var"
#0 C:\xampp\htdocs\ci_project\system\Router\Router.php(175): CodeIgniter\Router\Router->autoRoute('/register')
#1 C:\xampp\htdocs\ci_project\system\CodeIgniter.php(726): CodeIgniter\Router\Router->handle('/register')
#2 C:\xampp\htdocs\ci_project\system\CodeIgniter.php(368): CodeIgniter\CodeIgniter->tryToRouteIt(Object(CodeIgniter\Router\RouteCollection))
#3 C:\xampp\htdocs\ci_project\system\CodeIgniter.php(326): CodeIgniter\CodeIgniter->handleRequest(NULL, Object(Config\Cache), false)
#4 C:\xampp\htdocs\ci_project\index.php(37): CodeIgniter\CodeIgniter->run()
#5 {main}
CRITICAL - 2022-03-23 06:12:32 --> syntax error, unexpected token "var"
#0 C:\xampp\htdocs\ci_project\system\Router\Router.php(175): CodeIgniter\Router\Router->autoRoute('/register')
#1 C:\xampp\htdocs\ci_project\system\CodeIgniter.php(726): CodeIgniter\Router\Router->handle('/register')
#2 C:\xampp\htdocs\ci_project\system\CodeIgniter.php(368): CodeIgniter\CodeIgniter->tryToRouteIt(Object(CodeIgniter\Router\RouteCollection))
#3 C:\xampp\htdocs\ci_project\system\CodeIgniter.php(326): CodeIgniter\CodeIgniter->handleRequest(NULL, Object(Config\Cache), false)
#4 C:\xampp\htdocs\ci_project\index.php(37): CodeIgniter\CodeIgniter->run()
#5 {main}
CRITICAL - 2022-03-23 06:12:32 --> syntax error, unexpected token "var"
#0 C:\xampp\htdocs\ci_project\system\Router\Router.php(175): CodeIgniter\Router\Router->autoRoute('/register')
#1 C:\xampp\htdocs\ci_project\system\CodeIgniter.php(726): CodeIgniter\Router\Router->handle('/register')
#2 C:\xampp\htdocs\ci_project\system\CodeIgniter.php(368): CodeIgniter\CodeIgniter->tryToRouteIt(Object(CodeIgniter\Router\RouteCollection))
#3 C:\xampp\htdocs\ci_project\system\CodeIgniter.php(326): CodeIgniter\CodeIgniter->handleRequest(NULL, Object(Config\Cache), false)
#4 C:\xampp\htdocs\ci_project\index.php(37): CodeIgniter\CodeIgniter->run()
#5 {main}
CRITICAL - 2022-03-23 06:12:32 --> syntax error, unexpected token "var"
#0 C:\xampp\htdocs\ci_project\system\Router\Router.php(175): CodeIgniter\Router\Router->autoRoute('/register')
#1 C:\xampp\htdocs\ci_project\system\CodeIgniter.php(726): CodeIgniter\Router\Router->handle('/register')
#2 C:\xampp\htdocs\ci_project\system\CodeIgniter.php(368): CodeIgniter\CodeIgniter->tryToRouteIt(Object(CodeIgniter\Router\RouteCollection))
#3 C:\xampp\htdocs\ci_project\system\CodeIgniter.php(326): CodeIgniter\CodeIgniter->handleRequest(NULL, Object(Config\Cache), false)
#4 C:\xampp\htdocs\ci_project\index.php(37): CodeIgniter\CodeIgniter->run()
#5 {main}
CRITICAL - 2022-03-23 06:12:39 --> syntax error, unexpected token "var"
#0 C:\xampp\htdocs\ci_project\system\Router\Router.php(175): CodeIgniter\Router\Router->autoRoute('/register')
#1 C:\xampp\htdocs\ci_project\system\CodeIgniter.php(726): CodeIgniter\Router\Router->handle('/register')
#2 C:\xampp\htdocs\ci_project\system\CodeIgniter.php(368): CodeIgniter\CodeIgniter->tryToRouteIt(Object(CodeIgniter\Router\RouteCollection))
#3 C:\xampp\htdocs\ci_project\system\CodeIgniter.php(326): CodeIgniter\CodeIgniter->handleRequest(NULL, Object(Config\Cache), false)
#4 C:\xampp\htdocs\ci_project\index.php(37): CodeIgniter\CodeIgniter->run()
#5 {main}
CRITICAL - 2022-03-23 06:12:39 --> syntax error, unexpected token "var"
#0 C:\xampp\htdocs\ci_project\system\Router\Router.php(175): CodeIgniter\Router\Router->autoRoute('/register')
#1 C:\xampp\htdocs\ci_project\system\CodeIgniter.php(726): CodeIgniter\Router\Router->handle('/register')
#2 C:\xampp\htdocs\ci_project\system\CodeIgniter.php(368): CodeIgniter\CodeIgniter->tryToRouteIt(Object(CodeIgniter\Router\RouteCollection))
#3 C:\xampp\htdocs\ci_project\system\CodeIgniter.php(326): CodeIgniter\CodeIgniter->handleRequest(NULL, Object(Config\Cache), false)
#4 C:\xampp\htdocs\ci_project\index.php(37): CodeIgniter\CodeIgniter->run()
#5 {main}
