CRITICAL - 2022-03-17 04:31:29 --> auth filter must have a matching alias defined.
#0 C:\xampp\htdocs\ci_project\system\Filters\Filters.php(340): CodeIgniter\Filters\Exceptions\FilterException::forNoAlias('auth')
#1 C:\xampp\htdocs\ci_project\system\CodeIgniter.php(384): CodeIgniter\Filters\Filters->enableFilter('auth', 'before')
#2 C:\xampp\htdocs\ci_project\system\CodeIgniter.php(326): CodeIgniter\CodeIgniter->handleRequest(NULL, Object(Config\Cache), false)
#3 C:\xampp\htdocs\ci_project\index.php(37): CodeIgniter\CodeIgniter->run()
#4 {main}
CRITICAL - 2022-03-17 04:32:19 --> auth filter must have a matching alias defined.
#0 C:\xampp\htdocs\ci_project\system\Filters\Filters.php(340): CodeIgniter\Filters\Exceptions\FilterException::forNoAlias('auth')
#1 C:\xampp\htdocs\ci_project\system\CodeIgniter.php(384): CodeIgniter\Filters\Filters->enableFilter('auth', 'before')
#2 C:\xampp\htdocs\ci_project\system\CodeIgniter.php(326): CodeIgniter\CodeIgniter->handleRequest(NULL, Object(Config\Cache), false)
#3 C:\xampp\htdocs\ci_project\index.php(37): CodeIgniter\CodeIgniter->run()
#4 {main}
CRITICAL - 2022-03-17 04:40:29 --> auth filter must have a matching alias defined.
#0 C:\xampp\htdocs\ci_project\system\Filters\Filters.php(340): CodeIgniter\Filters\Exceptions\FilterException::forNoAlias('auth')
#1 C:\xampp\htdocs\ci_project\system\CodeIgniter.php(384): CodeIgniter\Filters\Filters->enableFilter('auth', 'before')
#2 C:\xampp\htdocs\ci_project\system\CodeIgniter.php(326): CodeIgniter\CodeIgniter->handleRequest(NULL, Object(Config\Cache), false)
#3 C:\xampp\htdocs\ci_project\index.php(37): CodeIgniter\CodeIgniter->run()
#4 {main}
CRITICAL - 2022-03-17 04:40:29 --> auth filter must have a matching alias defined.
#0 C:\xampp\htdocs\ci_project\system\Filters\Filters.php(340): CodeIgniter\Filters\Exceptions\FilterException::forNoAlias('auth')
#1 C:\xampp\htdocs\ci_project\system\CodeIgniter.php(384): CodeIgniter\Filters\Filters->enableFilter('auth', 'before')
#2 C:\xampp\htdocs\ci_project\system\CodeIgniter.php(326): CodeIgniter\CodeIgniter->handleRequest(NULL, Object(Config\Cache), false)
#3 C:\xampp\htdocs\ci_project\index.php(37): CodeIgniter\CodeIgniter->run()
#4 {main}
CRITICAL - 2022-03-17 04:40:30 --> auth filter must have a matching alias defined.
#0 C:\xampp\htdocs\ci_project\system\Filters\Filters.php(340): CodeIgniter\Filters\Exceptions\FilterException::forNoAlias('auth')
#1 C:\xampp\htdocs\ci_project\system\CodeIgniter.php(384): CodeIgniter\Filters\Filters->enableFilter('auth', 'before')
#2 C:\xampp\htdocs\ci_project\system\CodeIgniter.php(326): CodeIgniter\CodeIgniter->handleRequest(NULL, Object(Config\Cache), false)
#3 C:\xampp\htdocs\ci_project\index.php(37): CodeIgniter\CodeIgniter->run()
#4 {main}
CRITICAL - 2022-03-17 04:40:30 --> auth filter must have a matching alias defined.
#0 C:\xampp\htdocs\ci_project\system\Filters\Filters.php(340): CodeIgniter\Filters\Exceptions\FilterException::forNoAlias('auth')
#1 C:\xampp\htdocs\ci_project\system\CodeIgniter.php(384): CodeIgniter\Filters\Filters->enableFilter('auth', 'before')
#2 C:\xampp\htdocs\ci_project\system\CodeIgniter.php(326): CodeIgniter\CodeIgniter->handleRequest(NULL, Object(Config\Cache), false)
#3 C:\xampp\htdocs\ci_project\index.php(37): CodeIgniter\CodeIgniter->run()
#4 {main}
CRITICAL - 2022-03-17 04:40:30 --> auth filter must have a matching alias defined.
#0 C:\xampp\htdocs\ci_project\system\Filters\Filters.php(340): CodeIgniter\Filters\Exceptions\FilterException::forNoAlias('auth')
#1 C:\xampp\htdocs\ci_project\system\CodeIgniter.php(384): CodeIgniter\Filters\Filters->enableFilter('auth', 'before')
#2 C:\xampp\htdocs\ci_project\system\CodeIgniter.php(326): CodeIgniter\CodeIgniter->handleRequest(NULL, Object(Config\Cache), false)
#3 C:\xampp\htdocs\ci_project\index.php(37): CodeIgniter\CodeIgniter->run()
#4 {main}
CRITICAL - 2022-03-17 04:40:32 --> auth filter must have a matching alias defined.
#0 C:\xampp\htdocs\ci_project\system\Filters\Filters.php(340): CodeIgniter\Filters\Exceptions\FilterException::forNoAlias('auth')
#1 C:\xampp\htdocs\ci_project\system\CodeIgniter.php(384): CodeIgniter\Filters\Filters->enableFilter('auth', 'before')
#2 C:\xampp\htdocs\ci_project\system\CodeIgniter.php(326): CodeIgniter\CodeIgniter->handleRequest(NULL, Object(Config\Cache), false)
#3 C:\xampp\htdocs\ci_project\index.php(37): CodeIgniter\CodeIgniter->run()
#4 {main}
CRITICAL - 2022-03-17 05:05:23 --> auth filter must have a matching alias defined.
#0 C:\xampp\htdocs\ci_project\system\Filters\Filters.php(340): CodeIgniter\Filters\Exceptions\FilterException::forNoAlias('auth')
#1 C:\xampp\htdocs\ci_project\system\CodeIgniter.php(384): CodeIgniter\Filters\Filters->enableFilter('auth', 'before')
#2 C:\xampp\htdocs\ci_project\system\CodeIgniter.php(326): CodeIgniter\CodeIgniter->handleRequest(NULL, Object(Config\Cache), false)
#3 C:\xampp\htdocs\ci_project\index.php(37): CodeIgniter\CodeIgniter->run()
#4 {main}
ERROR - 2022-03-17 05:08:38 --> Unknown column 'user_email' in 'where clause'
CRITICAL - 2022-03-17 05:08:38 --> Call to a member function getRow() on bool
#0 C:\xampp\htdocs\ci_project\system\Validation\Validation.php(292): CodeIgniter\Validation\Rules->is_unique('xyz123@gmail.co...', 'user_email', Array, NULL)
#1 C:\xampp\htdocs\ci_project\system\Validation\Validation.php(157): CodeIgniter\Validation\Validation->processRules('email', 'email', 'xyz123@gmail.co...', Array, Array)
#2 C:\xampp\htdocs\ci_project\system\Controller.php(160): CodeIgniter\Validation\Validation->run()
#3 C:\xampp\htdocs\ci_project\app\Controllers\Register.php(28): CodeIgniter\Controller->validate(Array)
#4 C:\xampp\htdocs\ci_project\system\CodeIgniter.php(832): App\Controllers\Register->save()
#5 C:\xampp\htdocs\ci_project\system\CodeIgniter.php(419): CodeIgniter\CodeIgniter->runController(Object(App\Controllers\Register))
#6 C:\xampp\htdocs\ci_project\system\CodeIgniter.php(326): CodeIgniter\CodeIgniter->handleRequest(NULL, Object(Config\Cache), false)
#7 C:\xampp\htdocs\ci_project\index.php(37): CodeIgniter\CodeIgniter->run()
#8 {main}
ERROR - 2022-03-17 05:09:08 --> Unknown column 'user_email' in 'where clause'
CRITICAL - 2022-03-17 05:09:08 --> Call to a member function getRow() on bool
#0 C:\xampp\htdocs\ci_project\system\Validation\Validation.php(292): CodeIgniter\Validation\Rules->is_unique('xyz123@gmail.co...', 'user_email', Array, NULL)
#1 C:\xampp\htdocs\ci_project\system\Validation\Validation.php(157): CodeIgniter\Validation\Validation->processRules('email', 'email', 'xyz123@gmail.co...', Array, Array)
#2 C:\xampp\htdocs\ci_project\system\Controller.php(160): CodeIgniter\Validation\Validation->run()
#3 C:\xampp\htdocs\ci_project\app\Controllers\Register.php(28): CodeIgniter\Controller->validate(Array)
#4 C:\xampp\htdocs\ci_project\system\CodeIgniter.php(832): App\Controllers\Register->save()
#5 C:\xampp\htdocs\ci_project\system\CodeIgniter.php(419): CodeIgniter\CodeIgniter->runController(Object(App\Controllers\Register))
#6 C:\xampp\htdocs\ci_project\system\CodeIgniter.php(326): CodeIgniter\CodeIgniter->handleRequest(NULL, Object(Config\Cache), false)
#7 C:\xampp\htdocs\ci_project\index.php(37): CodeIgniter\CodeIgniter->run()
#8 {main}
ERROR - 2022-03-17 05:22:53 --> Unknown column 'user_email' in 'where clause'
CRITICAL - 2022-03-17 05:22:53 --> Call to a member function getRow() on bool
#0 C:\xampp\htdocs\ci_project\system\Validation\Validation.php(292): CodeIgniter\Validation\Rules->is_unique('xyz123@gmail.co...', 'user_email', Array, NULL)
#1 C:\xampp\htdocs\ci_project\system\Validation\Validation.php(157): CodeIgniter\Validation\Validation->processRules('email', 'email', 'xyz123@gmail.co...', Array, Array)
#2 C:\xampp\htdocs\ci_project\system\Controller.php(160): CodeIgniter\Validation\Validation->run()
#3 C:\xampp\htdocs\ci_project\app\Controllers\Register.php(28): CodeIgniter\Controller->validate(Array)
#4 C:\xampp\htdocs\ci_project\system\CodeIgniter.php(832): App\Controllers\Register->save()
#5 C:\xampp\htdocs\ci_project\system\CodeIgniter.php(419): CodeIgniter\CodeIgniter->runController(Object(App\Controllers\Register))
#6 C:\xampp\htdocs\ci_project\system\CodeIgniter.php(326): CodeIgniter\CodeIgniter->handleRequest(NULL, Object(Config\Cache), false)
#7 C:\xampp\htdocs\ci_project\index.php(37): CodeIgniter\CodeIgniter->run()
#8 {main}
ERROR - 2022-03-17 05:22:54 --> Unknown column 'user_email' in 'where clause'
CRITICAL - 2022-03-17 05:22:54 --> Call to a member function getRow() on bool
#0 C:\xampp\htdocs\ci_project\system\Validation\Validation.php(292): CodeIgniter\Validation\Rules->is_unique('xyz123@gmail.co...', 'user_email', Array, NULL)
#1 C:\xampp\htdocs\ci_project\system\Validation\Validation.php(157): CodeIgniter\Validation\Validation->processRules('email', 'email', 'xyz123@gmail.co...', Array, Array)
#2 C:\xampp\htdocs\ci_project\system\Controller.php(160): CodeIgniter\Validation\Validation->run()
#3 C:\xampp\htdocs\ci_project\app\Controllers\Register.php(28): CodeIgniter\Controller->validate(Array)
#4 C:\xampp\htdocs\ci_project\system\CodeIgniter.php(832): App\Controllers\Register->save()
#5 C:\xampp\htdocs\ci_project\system\CodeIgniter.php(419): CodeIgniter\CodeIgniter->runController(Object(App\Controllers\Register))
#6 C:\xampp\htdocs\ci_project\system\CodeIgniter.php(326): CodeIgniter\CodeIgniter->handleRequest(NULL, Object(Config\Cache), false)
#7 C:\xampp\htdocs\ci_project\index.php(37): CodeIgniter\CodeIgniter->run()
#8 {main}
ERROR - 2022-03-17 05:22:54 --> Unknown column 'user_email' in 'where clause'
CRITICAL - 2022-03-17 05:22:54 --> Call to a member function getRow() on bool
#0 C:\xampp\htdocs\ci_project\system\Validation\Validation.php(292): CodeIgniter\Validation\Rules->is_unique('xyz123@gmail.co...', 'user_email', Array, NULL)
#1 C:\xampp\htdocs\ci_project\system\Validation\Validation.php(157): CodeIgniter\Validation\Validation->processRules('email', 'email', 'xyz123@gmail.co...', Array, Array)
#2 C:\xampp\htdocs\ci_project\system\Controller.php(160): CodeIgniter\Validation\Validation->run()
#3 C:\xampp\htdocs\ci_project\app\Controllers\Register.php(28): CodeIgniter\Controller->validate(Array)
#4 C:\xampp\htdocs\ci_project\system\CodeIgniter.php(832): App\Controllers\Register->save()
#5 C:\xampp\htdocs\ci_project\system\CodeIgniter.php(419): CodeIgniter\CodeIgniter->runController(Object(App\Controllers\Register))
#6 C:\xampp\htdocs\ci_project\system\CodeIgniter.php(326): CodeIgniter\CodeIgniter->handleRequest(NULL, Object(Config\Cache), false)
#7 C:\xampp\htdocs\ci_project\index.php(37): CodeIgniter\CodeIgniter->run()
#8 {main}
ERROR - 2022-03-17 05:22:54 --> Unknown column 'user_email' in 'where clause'
CRITICAL - 2022-03-17 05:22:54 --> Call to a member function getRow() on bool
#0 C:\xampp\htdocs\ci_project\system\Validation\Validation.php(292): CodeIgniter\Validation\Rules->is_unique('xyz123@gmail.co...', 'user_email', Array, NULL)
#1 C:\xampp\htdocs\ci_project\system\Validation\Validation.php(157): CodeIgniter\Validation\Validation->processRules('email', 'email', 'xyz123@gmail.co...', Array, Array)
#2 C:\xampp\htdocs\ci_project\system\Controller.php(160): CodeIgniter\Validation\Validation->run()
#3 C:\xampp\htdocs\ci_project\app\Controllers\Register.php(28): CodeIgniter\Controller->validate(Array)
#4 C:\xampp\htdocs\ci_project\system\CodeIgniter.php(832): App\Controllers\Register->save()
#5 C:\xampp\htdocs\ci_project\system\CodeIgniter.php(419): CodeIgniter\CodeIgniter->runController(Object(App\Controllers\Register))
#6 C:\xampp\htdocs\ci_project\system\CodeIgniter.php(326): CodeIgniter\CodeIgniter->handleRequest(NULL, Object(Config\Cache), false)
#7 C:\xampp\htdocs\ci_project\index.php(37): CodeIgniter\CodeIgniter->run()
#8 {main}
ERROR - 2022-03-17 05:23:07 --> Unknown column 'user_email' in 'where clause'
CRITICAL - 2022-03-17 05:23:07 --> Call to a member function getRow() on bool
#0 C:\xampp\htdocs\ci_project\system\Validation\Validation.php(292): CodeIgniter\Validation\Rules->is_unique('xyz123@gmail.co...', 'user_email', Array, NULL)
#1 C:\xampp\htdocs\ci_project\system\Validation\Validation.php(157): CodeIgniter\Validation\Validation->processRules('email', 'email', 'xyz123@gmail.co...', Array, Array)
#2 C:\xampp\htdocs\ci_project\system\Controller.php(160): CodeIgniter\Validation\Validation->run()
#3 C:\xampp\htdocs\ci_project\app\Controllers\Register.php(28): CodeIgniter\Controller->validate(Array)
#4 C:\xampp\htdocs\ci_project\system\CodeIgniter.php(832): App\Controllers\Register->save()
#5 C:\xampp\htdocs\ci_project\system\CodeIgniter.php(419): CodeIgniter\CodeIgniter->runController(Object(App\Controllers\Register))
#6 C:\xampp\htdocs\ci_project\system\CodeIgniter.php(326): CodeIgniter\CodeIgniter->handleRequest(NULL, Object(Config\Cache), false)
#7 C:\xampp\htdocs\ci_project\index.php(37): CodeIgniter\CodeIgniter->run()
#8 {main}
ERROR - 2022-03-17 05:44:35 --> Unknown column 'user_email' in 'where clause'
CRITICAL - 2022-03-17 05:44:35 --> Call to a member function getRow() on bool
#0 C:\xampp\htdocs\ci_project\system\Validation\Validation.php(292): CodeIgniter\Validation\Rules->is_unique('xyz123@gmail.co...', 'user_email', Array, NULL)
#1 C:\xampp\htdocs\ci_project\system\Validation\Validation.php(157): CodeIgniter\Validation\Validation->processRules('email', 'email', 'xyz123@gmail.co...', Array, Array)
#2 C:\xampp\htdocs\ci_project\system\Controller.php(160): CodeIgniter\Validation\Validation->run()
#3 C:\xampp\htdocs\ci_project\app\Controllers\Register.php(28): CodeIgniter\Controller->validate(Array)
#4 C:\xampp\htdocs\ci_project\system\CodeIgniter.php(832): App\Controllers\Register->save()
#5 C:\xampp\htdocs\ci_project\system\CodeIgniter.php(419): CodeIgniter\CodeIgniter->runController(Object(App\Controllers\Register))
#6 C:\xampp\htdocs\ci_project\system\CodeIgniter.php(326): CodeIgniter\CodeIgniter->handleRequest(NULL, Object(Config\Cache), false)
#7 C:\xampp\htdocs\ci_project\index.php(37): CodeIgniter\CodeIgniter->run()
#8 {main}
CRITICAL - 2022-03-17 05:45:51 --> syntax error, unexpected token "foreach", expecting "function" or "const"
#0 C:\xampp\htdocs\ci_project\system\Router\Router.php(175): CodeIgniter\Router\Router->autoRoute('/register/save')
#1 C:\xampp\htdocs\ci_project\system\CodeIgniter.php(726): CodeIgniter\Router\Router->handle('/register/save')
#2 C:\xampp\htdocs\ci_project\system\CodeIgniter.php(368): CodeIgniter\CodeIgniter->tryToRouteIt(Object(CodeIgniter\Router\RouteCollection))
#3 C:\xampp\htdocs\ci_project\system\CodeIgniter.php(326): CodeIgniter\CodeIgniter->handleRequest(NULL, Object(Config\Cache), false)
#4 C:\xampp\htdocs\ci_project\index.php(37): CodeIgniter\CodeIgniter->run()
#5 {main}
CRITICAL - 2022-03-17 05:46:36 --> syntax error, unexpected token "{", expecting "function" or "const"
#0 C:\xampp\htdocs\ci_project\system\Router\Router.php(175): CodeIgniter\Router\Router->autoRoute('/register/save')
#1 C:\xampp\htdocs\ci_project\system\CodeIgniter.php(726): CodeIgniter\Router\Router->handle('/register/save')
#2 C:\xampp\htdocs\ci_project\system\CodeIgniter.php(368): CodeIgniter\CodeIgniter->tryToRouteIt(Object(CodeIgniter\Router\RouteCollection))
#3 C:\xampp\htdocs\ci_project\system\CodeIgniter.php(326): CodeIgniter\CodeIgniter->handleRequest(NULL, Object(Config\Cache), false)
#4 C:\xampp\htdocs\ci_project\index.php(37): CodeIgniter\CodeIgniter->run()
#5 {main}
CRITICAL - 2022-03-17 05:46:37 --> syntax error, unexpected token "{", expecting "function" or "const"
#0 C:\xampp\htdocs\ci_project\system\Router\Router.php(175): CodeIgniter\Router\Router->autoRoute('/register/save')
#1 C:\xampp\htdocs\ci_project\system\CodeIgniter.php(726): CodeIgniter\Router\Router->handle('/register/save')
#2 C:\xampp\htdocs\ci_project\system\CodeIgniter.php(368): CodeIgniter\CodeIgniter->tryToRouteIt(Object(CodeIgniter\Router\RouteCollection))
#3 C:\xampp\htdocs\ci_project\system\CodeIgniter.php(326): CodeIgniter\CodeIgniter->handleRequest(NULL, Object(Config\Cache), false)
#4 C:\xampp\htdocs\ci_project\index.php(37): CodeIgniter\CodeIgniter->run()
#5 {main}
CRITICAL - 2022-03-17 05:46:37 --> syntax error, unexpected token "{", expecting "function" or "const"
#0 C:\xampp\htdocs\ci_project\system\Router\Router.php(175): CodeIgniter\Router\Router->autoRoute('/register/save')
#1 C:\xampp\htdocs\ci_project\system\CodeIgniter.php(726): CodeIgniter\Router\Router->handle('/register/save')
#2 C:\xampp\htdocs\ci_project\system\CodeIgniter.php(368): CodeIgniter\CodeIgniter->tryToRouteIt(Object(CodeIgniter\Router\RouteCollection))
#3 C:\xampp\htdocs\ci_project\system\CodeIgniter.php(326): CodeIgniter\CodeIgniter->handleRequest(NULL, Object(Config\Cache), false)
#4 C:\xampp\htdocs\ci_project\index.php(37): CodeIgniter\CodeIgniter->run()
#5 {main}
CRITICAL - 2022-03-17 05:46:43 --> syntax error, unexpected token "{", expecting "function" or "const"
#0 C:\xampp\htdocs\ci_project\system\Router\Router.php(175): CodeIgniter\Router\Router->autoRoute('/register/save')
#1 C:\xampp\htdocs\ci_project\system\CodeIgniter.php(726): CodeIgniter\Router\Router->handle('/register/save')
#2 C:\xampp\htdocs\ci_project\system\CodeIgniter.php(368): CodeIgniter\CodeIgniter->tryToRouteIt(Object(CodeIgniter\Router\RouteCollection))
#3 C:\xampp\htdocs\ci_project\system\CodeIgniter.php(326): CodeIgniter\CodeIgniter->handleRequest(NULL, Object(Config\Cache), false)
#4 C:\xampp\htdocs\ci_project\index.php(37): CodeIgniter\CodeIgniter->run()
#5 {main}
CRITICAL - 2022-03-17 05:46:44 --> syntax error, unexpected token "{", expecting "function" or "const"
#0 C:\xampp\htdocs\ci_project\system\Router\Router.php(175): CodeIgniter\Router\Router->autoRoute('/register/save')
#1 C:\xampp\htdocs\ci_project\system\CodeIgniter.php(726): CodeIgniter\Router\Router->handle('/register/save')
#2 C:\xampp\htdocs\ci_project\system\CodeIgniter.php(368): CodeIgniter\CodeIgniter->tryToRouteIt(Object(CodeIgniter\Router\RouteCollection))
#3 C:\xampp\htdocs\ci_project\system\CodeIgniter.php(326): CodeIgniter\CodeIgniter->handleRequest(NULL, Object(Config\Cache), false)
#4 C:\xampp\htdocs\ci_project\index.php(37): CodeIgniter\CodeIgniter->run()
#5 {main}
CRITICAL - 2022-03-17 05:47:57 --> syntax error, unexpected token "{", expecting "function" or "const"
#0 C:\xampp\htdocs\ci_project\system\Router\Router.php(175): CodeIgniter\Router\Router->autoRoute('/register/save')
#1 C:\xampp\htdocs\ci_project\system\CodeIgniter.php(726): CodeIgniter\Router\Router->handle('/register/save')
#2 C:\xampp\htdocs\ci_project\system\CodeIgniter.php(368): CodeIgniter\CodeIgniter->tryToRouteIt(Object(CodeIgniter\Router\RouteCollection))
#3 C:\xampp\htdocs\ci_project\system\CodeIgniter.php(326): CodeIgniter\CodeIgniter->handleRequest(NULL, Object(Config\Cache), false)
#4 C:\xampp\htdocs\ci_project\index.php(37): CodeIgniter\CodeIgniter->run()
#5 {main}
CRITICAL - 2022-03-17 05:47:58 --> syntax error, unexpected token "{", expecting "function" or "const"
#0 C:\xampp\htdocs\ci_project\system\Router\Router.php(175): CodeIgniter\Router\Router->autoRoute('/register/save')
#1 C:\xampp\htdocs\ci_project\system\CodeIgniter.php(726): CodeIgniter\Router\Router->handle('/register/save')
#2 C:\xampp\htdocs\ci_project\system\CodeIgniter.php(368): CodeIgniter\CodeIgniter->tryToRouteIt(Object(CodeIgniter\Router\RouteCollection))
#3 C:\xampp\htdocs\ci_project\system\CodeIgniter.php(326): CodeIgniter\CodeIgniter->handleRequest(NULL, Object(Config\Cache), false)
#4 C:\xampp\htdocs\ci_project\index.php(37): CodeIgniter\CodeIgniter->run()
#5 {main}
CRITICAL - 2022-03-17 05:47:58 --> syntax error, unexpected token "{", expecting "function" or "const"
#0 C:\xampp\htdocs\ci_project\system\Router\Router.php(175): CodeIgniter\Router\Router->autoRoute('/register/save')
#1 C:\xampp\htdocs\ci_project\system\CodeIgniter.php(726): CodeIgniter\Router\Router->handle('/register/save')
#2 C:\xampp\htdocs\ci_project\system\CodeIgniter.php(368): CodeIgniter\CodeIgniter->tryToRouteIt(Object(CodeIgniter\Router\RouteCollection))
#3 C:\xampp\htdocs\ci_project\system\CodeIgniter.php(326): CodeIgniter\CodeIgniter->handleRequest(NULL, Object(Config\Cache), false)
#4 C:\xampp\htdocs\ci_project\index.php(37): CodeIgniter\CodeIgniter->run()
#5 {main}
CRITICAL - 2022-03-17 05:48:11 --> syntax error, unexpected token "{", expecting "function" or "const"
#0 C:\xampp\htdocs\ci_project\system\Router\Router.php(175): CodeIgniter\Router\Router->autoRoute('/register/save')
#1 C:\xampp\htdocs\ci_project\system\CodeIgniter.php(726): CodeIgniter\Router\Router->handle('/register/save')
#2 C:\xampp\htdocs\ci_project\system\CodeIgniter.php(368): CodeIgniter\CodeIgniter->tryToRouteIt(Object(CodeIgniter\Router\RouteCollection))
#3 C:\xampp\htdocs\ci_project\system\CodeIgniter.php(326): CodeIgniter\CodeIgniter->handleRequest(NULL, Object(Config\Cache), false)
#4 C:\xampp\htdocs\ci_project\index.php(37): CodeIgniter\CodeIgniter->run()
#5 {main}
CRITICAL - 2022-03-17 05:48:12 --> syntax error, unexpected token "{", expecting "function" or "const"
#0 C:\xampp\htdocs\ci_project\system\Router\Router.php(175): CodeIgniter\Router\Router->autoRoute('/register/save')
#1 C:\xampp\htdocs\ci_project\system\CodeIgniter.php(726): CodeIgniter\Router\Router->handle('/register/save')
#2 C:\xampp\htdocs\ci_project\system\CodeIgniter.php(368): CodeIgniter\CodeIgniter->tryToRouteIt(Object(CodeIgniter\Router\RouteCollection))
#3 C:\xampp\htdocs\ci_project\system\CodeIgniter.php(326): CodeIgniter\CodeIgniter->handleRequest(NULL, Object(Config\Cache), false)
#4 C:\xampp\htdocs\ci_project\index.php(37): CodeIgniter\CodeIgniter->run()
#5 {main}
CRITICAL - 2022-03-17 05:48:12 --> syntax error, unexpected token "{", expecting "function" or "const"
#0 C:\xampp\htdocs\ci_project\system\Router\Router.php(175): CodeIgniter\Router\Router->autoRoute('/register/save')
#1 C:\xampp\htdocs\ci_project\system\CodeIgniter.php(726): CodeIgniter\Router\Router->handle('/register/save')
#2 C:\xampp\htdocs\ci_project\system\CodeIgniter.php(368): CodeIgniter\CodeIgniter->tryToRouteIt(Object(CodeIgniter\Router\RouteCollection))
#3 C:\xampp\htdocs\ci_project\system\CodeIgniter.php(326): CodeIgniter\CodeIgniter->handleRequest(NULL, Object(Config\Cache), false)
#4 C:\xampp\htdocs\ci_project\index.php(37): CodeIgniter\CodeIgniter->run()
#5 {main}
CRITICAL - 2022-03-17 05:48:12 --> syntax error, unexpected token "{", expecting "function" or "const"
#0 C:\xampp\htdocs\ci_project\system\Router\Router.php(175): CodeIgniter\Router\Router->autoRoute('/register/save')
#1 C:\xampp\htdocs\ci_project\system\CodeIgniter.php(726): CodeIgniter\Router\Router->handle('/register/save')
#2 C:\xampp\htdocs\ci_project\system\CodeIgniter.php(368): CodeIgniter\CodeIgniter->tryToRouteIt(Object(CodeIgniter\Router\RouteCollection))
#3 C:\xampp\htdocs\ci_project\system\CodeIgniter.php(326): CodeIgniter\CodeIgniter->handleRequest(NULL, Object(Config\Cache), false)
#4 C:\xampp\htdocs\ci_project\index.php(37): CodeIgniter\CodeIgniter->run()
#5 {main}
CRITICAL - 2022-03-17 05:48:12 --> syntax error, unexpected token "{", expecting "function" or "const"
#0 C:\xampp\htdocs\ci_project\system\Router\Router.php(175): CodeIgniter\Router\Router->autoRoute('/register/save')
#1 C:\xampp\htdocs\ci_project\system\CodeIgniter.php(726): CodeIgniter\Router\Router->handle('/register/save')
#2 C:\xampp\htdocs\ci_project\system\CodeIgniter.php(368): CodeIgniter\CodeIgniter->tryToRouteIt(Object(CodeIgniter\Router\RouteCollection))
#3 C:\xampp\htdocs\ci_project\system\CodeIgniter.php(326): CodeIgniter\CodeIgniter->handleRequest(NULL, Object(Config\Cache), false)
#4 C:\xampp\htdocs\ci_project\index.php(37): CodeIgniter\CodeIgniter->run()
#5 {main}
CRITICAL - 2022-03-17 05:48:32 --> syntax error, unexpected token "foreach", expecting "function" or "const"
#0 C:\xampp\htdocs\ci_project\system\Router\Router.php(175): CodeIgniter\Router\Router->autoRoute('/register/save')
#1 C:\xampp\htdocs\ci_project\system\CodeIgniter.php(726): CodeIgniter\Router\Router->handle('/register/save')
#2 C:\xampp\htdocs\ci_project\system\CodeIgniter.php(368): CodeIgniter\CodeIgniter->tryToRouteIt(Object(CodeIgniter\Router\RouteCollection))
#3 C:\xampp\htdocs\ci_project\system\CodeIgniter.php(326): CodeIgniter\CodeIgniter->handleRequest(NULL, Object(Config\Cache), false)
#4 C:\xampp\htdocs\ci_project\index.php(37): CodeIgniter\CodeIgniter->run()
#5 {main}
CRITICAL - 2022-03-17 05:48:33 --> syntax error, unexpected token "foreach", expecting "function" or "const"
#0 C:\xampp\htdocs\ci_project\system\Router\Router.php(175): CodeIgniter\Router\Router->autoRoute('/register/save')
#1 C:\xampp\htdocs\ci_project\system\CodeIgniter.php(726): CodeIgniter\Router\Router->handle('/register/save')
#2 C:\xampp\htdocs\ci_project\system\CodeIgniter.php(368): CodeIgniter\CodeIgniter->tryToRouteIt(Object(CodeIgniter\Router\RouteCollection))
#3 C:\xampp\htdocs\ci_project\system\CodeIgniter.php(326): CodeIgniter\CodeIgniter->handleRequest(NULL, Object(Config\Cache), false)
#4 C:\xampp\htdocs\ci_project\index.php(37): CodeIgniter\CodeIgniter->run()
#5 {main}
ERROR - 2022-03-17 05:49:54 --> Unknown column 'user_email' in 'where clause'
CRITICAL - 2022-03-17 05:49:54 --> Call to a member function getRow() on bool
#0 C:\xampp\htdocs\ci_project\system\Validation\Validation.php(292): CodeIgniter\Validation\Rules->is_unique('xyz123@gmail.co...', 'user_email', Array, NULL)
#1 C:\xampp\htdocs\ci_project\system\Validation\Validation.php(157): CodeIgniter\Validation\Validation->processRules('email', 'email', 'xyz123@gmail.co...', Array, Array)
#2 C:\xampp\htdocs\ci_project\system\Controller.php(160): CodeIgniter\Validation\Validation->run()
#3 C:\xampp\htdocs\ci_project\app\Controllers\Register.php(29): CodeIgniter\Controller->validate(Array)
#4 C:\xampp\htdocs\ci_project\system\CodeIgniter.php(832): App\Controllers\Register->save()
#5 C:\xampp\htdocs\ci_project\system\CodeIgniter.php(419): CodeIgniter\CodeIgniter->runController(Object(App\Controllers\Register))
#6 C:\xampp\htdocs\ci_project\system\CodeIgniter.php(326): CodeIgniter\CodeIgniter->handleRequest(NULL, Object(Config\Cache), false)
#7 C:\xampp\htdocs\ci_project\index.php(37): CodeIgniter\CodeIgniter->run()
#8 {main}
ERROR - 2022-03-17 05:49:56 --> Unknown column 'user_email' in 'where clause'
CRITICAL - 2022-03-17 05:49:56 --> Call to a member function getRow() on bool
#0 C:\xampp\htdocs\ci_project\system\Validation\Validation.php(292): CodeIgniter\Validation\Rules->is_unique('xyz123@gmail.co...', 'user_email', Array, NULL)
#1 C:\xampp\htdocs\ci_project\system\Validation\Validation.php(157): CodeIgniter\Validation\Validation->processRules('email', 'email', 'xyz123@gmail.co...', Array, Array)
#2 C:\xampp\htdocs\ci_project\system\Controller.php(160): CodeIgniter\Validation\Validation->run()
#3 C:\xampp\htdocs\ci_project\app\Controllers\Register.php(29): CodeIgniter\Controller->validate(Array)
#4 C:\xampp\htdocs\ci_project\system\CodeIgniter.php(832): App\Controllers\Register->save()
#5 C:\xampp\htdocs\ci_project\system\CodeIgniter.php(419): CodeIgniter\CodeIgniter->runController(Object(App\Controllers\Register))
#6 C:\xampp\htdocs\ci_project\system\CodeIgniter.php(326): CodeIgniter\CodeIgniter->handleRequest(NULL, Object(Config\Cache), false)
#7 C:\xampp\htdocs\ci_project\index.php(37): CodeIgniter\CodeIgniter->run()
#8 {main}
ERROR - 2022-03-17 08:49:28 --> Unknown column 'user_email' in 'where clause'
CRITICAL - 2022-03-17 08:49:28 --> Call to a member function getRow() on bool
#0 C:\xampp\htdocs\ci_project\system\Validation\Validation.php(292): CodeIgniter\Validation\Rules->is_unique('xyz123@gmail.co...', 'user_email', Array, NULL)
#1 C:\xampp\htdocs\ci_project\system\Validation\Validation.php(157): CodeIgniter\Validation\Validation->processRules('email', 'email', 'xyz123@gmail.co...', Array, Array)
#2 C:\xampp\htdocs\ci_project\system\Controller.php(160): CodeIgniter\Validation\Validation->run()
#3 C:\xampp\htdocs\ci_project\app\Controllers\Register.php(29): CodeIgniter\Controller->validate(Array)
#4 C:\xampp\htdocs\ci_project\system\CodeIgniter.php(832): App\Controllers\Register->save()
#5 C:\xampp\htdocs\ci_project\system\CodeIgniter.php(419): CodeIgniter\CodeIgniter->runController(Object(App\Controllers\Register))
#6 C:\xampp\htdocs\ci_project\system\CodeIgniter.php(326): CodeIgniter\CodeIgniter->handleRequest(NULL, Object(Config\Cache), false)
#7 C:\xampp\htdocs\ci_project\index.php(37): CodeIgniter\CodeIgniter->run()
#8 {main}
ERROR - 2022-03-17 08:50:50 --> Unknown column 'user_email' in 'where clause'
CRITICAL - 2022-03-17 08:50:50 --> Call to a member function getRow() on bool
#0 C:\xampp\htdocs\ci_project\system\Validation\Validation.php(292): CodeIgniter\Validation\Rules->is_unique('xyz123@gmail.co...', 'user_email', Array, NULL)
#1 C:\xampp\htdocs\ci_project\system\Validation\Validation.php(157): CodeIgniter\Validation\Validation->processRules('email', 'email', 'xyz123@gmail.co...', Array, Array)
#2 C:\xampp\htdocs\ci_project\system\Controller.php(160): CodeIgniter\Validation\Validation->run()
#3 C:\xampp\htdocs\ci_project\app\Controllers\Register.php(29): CodeIgniter\Controller->validate(Array)
#4 C:\xampp\htdocs\ci_project\system\CodeIgniter.php(832): App\Controllers\Register->save()
#5 C:\xampp\htdocs\ci_project\system\CodeIgniter.php(419): CodeIgniter\CodeIgniter->runController(Object(App\Controllers\Register))
#6 C:\xampp\htdocs\ci_project\system\CodeIgniter.php(326): CodeIgniter\CodeIgniter->handleRequest(NULL, Object(Config\Cache), false)
#7 C:\xampp\htdocs\ci_project\index.php(37): CodeIgniter\CodeIgniter->run()
#8 {main}
ERROR - 2022-03-17 08:55:49 --> Unknown column 'user_email' in 'where clause'
CRITICAL - 2022-03-17 08:55:49 --> Call to a member function getRow() on bool
#0 C:\xampp\htdocs\ci_project\system\Validation\Validation.php(292): CodeIgniter\Validation\Rules->is_unique('xyz123@gmail.co...', 'user_email', Array, NULL)
#1 C:\xampp\htdocs\ci_project\system\Validation\Validation.php(157): CodeIgniter\Validation\Validation->processRules('email', 'email', 'xyz123@gmail.co...', Array, Array)
#2 C:\xampp\htdocs\ci_project\system\Controller.php(160): CodeIgniter\Validation\Validation->run()
#3 C:\xampp\htdocs\ci_project\app\Controllers\Register.php(29): CodeIgniter\Controller->validate(Array)
#4 C:\xampp\htdocs\ci_project\system\CodeIgniter.php(832): App\Controllers\Register->save()
#5 C:\xampp\htdocs\ci_project\system\CodeIgniter.php(419): CodeIgniter\CodeIgniter->runController(Object(App\Controllers\Register))
#6 C:\xampp\htdocs\ci_project\system\CodeIgniter.php(326): CodeIgniter\CodeIgniter->handleRequest(NULL, Object(Config\Cache), false)
#7 C:\xampp\htdocs\ci_project\index.php(37): CodeIgniter\CodeIgniter->run()
#8 {main}
ERROR - 2022-03-17 08:55:50 --> Unknown column 'user_email' in 'where clause'
CRITICAL - 2022-03-17 08:55:50 --> Call to a member function getRow() on bool
#0 C:\xampp\htdocs\ci_project\system\Validation\Validation.php(292): CodeIgniter\Validation\Rules->is_unique('xyz123@gmail.co...', 'user_email', Array, NULL)
#1 C:\xampp\htdocs\ci_project\system\Validation\Validation.php(157): CodeIgniter\Validation\Validation->processRules('email', 'email', 'xyz123@gmail.co...', Array, Array)
#2 C:\xampp\htdocs\ci_project\system\Controller.php(160): CodeIgniter\Validation\Validation->run()
#3 C:\xampp\htdocs\ci_project\app\Controllers\Register.php(29): CodeIgniter\Controller->validate(Array)
#4 C:\xampp\htdocs\ci_project\system\CodeIgniter.php(832): App\Controllers\Register->save()
#5 C:\xampp\htdocs\ci_project\system\CodeIgniter.php(419): CodeIgniter\CodeIgniter->runController(Object(App\Controllers\Register))
#6 C:\xampp\htdocs\ci_project\system\CodeIgniter.php(326): CodeIgniter\CodeIgniter->handleRequest(NULL, Object(Config\Cache), false)
#7 C:\xampp\htdocs\ci_project\index.php(37): CodeIgniter\CodeIgniter->run()
#8 {main}
ERROR - 2022-03-17 08:55:50 --> Unknown column 'user_email' in 'where clause'
CRITICAL - 2022-03-17 08:55:50 --> Call to a member function getRow() on bool
#0 C:\xampp\htdocs\ci_project\system\Validation\Validation.php(292): CodeIgniter\Validation\Rules->is_unique('xyz123@gmail.co...', 'user_email', Array, NULL)
#1 C:\xampp\htdocs\ci_project\system\Validation\Validation.php(157): CodeIgniter\Validation\Validation->processRules('email', 'email', 'xyz123@gmail.co...', Array, Array)
#2 C:\xampp\htdocs\ci_project\system\Controller.php(160): CodeIgniter\Validation\Validation->run()
#3 C:\xampp\htdocs\ci_project\app\Controllers\Register.php(29): CodeIgniter\Controller->validate(Array)
#4 C:\xampp\htdocs\ci_project\system\CodeIgniter.php(832): App\Controllers\Register->save()
#5 C:\xampp\htdocs\ci_project\system\CodeIgniter.php(419): CodeIgniter\CodeIgniter->runController(Object(App\Controllers\Register))
#6 C:\xampp\htdocs\ci_project\system\CodeIgniter.php(326): CodeIgniter\CodeIgniter->handleRequest(NULL, Object(Config\Cache), false)
#7 C:\xampp\htdocs\ci_project\index.php(37): CodeIgniter\CodeIgniter->run()
#8 {main}
ERROR - 2022-03-17 08:55:50 --> Unknown column 'user_email' in 'where clause'
CRITICAL - 2022-03-17 08:55:50 --> Call to a member function getRow() on bool
#0 C:\xampp\htdocs\ci_project\system\Validation\Validation.php(292): CodeIgniter\Validation\Rules->is_unique('xyz123@gmail.co...', 'user_email', Array, NULL)
#1 C:\xampp\htdocs\ci_project\system\Validation\Validation.php(157): CodeIgniter\Validation\Validation->processRules('email', 'email', 'xyz123@gmail.co...', Array, Array)
#2 C:\xampp\htdocs\ci_project\system\Controller.php(160): CodeIgniter\Validation\Validation->run()
#3 C:\xampp\htdocs\ci_project\app\Controllers\Register.php(29): CodeIgniter\Controller->validate(Array)
#4 C:\xampp\htdocs\ci_project\system\CodeIgniter.php(832): App\Controllers\Register->save()
#5 C:\xampp\htdocs\ci_project\system\CodeIgniter.php(419): CodeIgniter\CodeIgniter->runController(Object(App\Controllers\Register))
#6 C:\xampp\htdocs\ci_project\system\CodeIgniter.php(326): CodeIgniter\CodeIgniter->handleRequest(NULL, Object(Config\Cache), false)
#7 C:\xampp\htdocs\ci_project\index.php(37): CodeIgniter\CodeIgniter->run()
#8 {main}
ERROR - 2022-03-17 08:55:50 --> Unknown column 'user_email' in 'where clause'
CRITICAL - 2022-03-17 08:55:50 --> Call to a member function getRow() on bool
#0 C:\xampp\htdocs\ci_project\system\Validation\Validation.php(292): CodeIgniter\Validation\Rules->is_unique('xyz123@gmail.co...', 'user_email', Array, NULL)
#1 C:\xampp\htdocs\ci_project\system\Validation\Validation.php(157): CodeIgniter\Validation\Validation->processRules('email', 'email', 'xyz123@gmail.co...', Array, Array)
#2 C:\xampp\htdocs\ci_project\system\Controller.php(160): CodeIgniter\Validation\Validation->run()
#3 C:\xampp\htdocs\ci_project\app\Controllers\Register.php(29): CodeIgniter\Controller->validate(Array)
#4 C:\xampp\htdocs\ci_project\system\CodeIgniter.php(832): App\Controllers\Register->save()
#5 C:\xampp\htdocs\ci_project\system\CodeIgniter.php(419): CodeIgniter\CodeIgniter->runController(Object(App\Controllers\Register))
#6 C:\xampp\htdocs\ci_project\system\CodeIgniter.php(326): CodeIgniter\CodeIgniter->handleRequest(NULL, Object(Config\Cache), false)
#7 C:\xampp\htdocs\ci_project\index.php(37): CodeIgniter\CodeIgniter->run()
#8 {main}
ERROR - 2022-03-17 08:55:50 --> Unknown column 'user_email' in 'where clause'
CRITICAL - 2022-03-17 08:55:51 --> Call to a member function getRow() on bool
#0 C:\xampp\htdocs\ci_project\system\Validation\Validation.php(292): CodeIgniter\Validation\Rules->is_unique('xyz123@gmail.co...', 'user_email', Array, NULL)
#1 C:\xampp\htdocs\ci_project\system\Validation\Validation.php(157): CodeIgniter\Validation\Validation->processRules('email', 'email', 'xyz123@gmail.co...', Array, Array)
#2 C:\xampp\htdocs\ci_project\system\Controller.php(160): CodeIgniter\Validation\Validation->run()
#3 C:\xampp\htdocs\ci_project\app\Controllers\Register.php(29): CodeIgniter\Controller->validate(Array)
#4 C:\xampp\htdocs\ci_project\system\CodeIgniter.php(832): App\Controllers\Register->save()
#5 C:\xampp\htdocs\ci_project\system\CodeIgniter.php(419): CodeIgniter\CodeIgniter->runController(Object(App\Controllers\Register))
#6 C:\xampp\htdocs\ci_project\system\CodeIgniter.php(326): CodeIgniter\CodeIgniter->handleRequest(NULL, Object(Config\Cache), false)
#7 C:\xampp\htdocs\ci_project\index.php(37): CodeIgniter\CodeIgniter->run()
#8 {main}
ERROR - 2022-03-17 08:55:51 --> Unknown column 'user_email' in 'where clause'
CRITICAL - 2022-03-17 08:55:51 --> Call to a member function getRow() on bool
#0 C:\xampp\htdocs\ci_project\system\Validation\Validation.php(292): CodeIgniter\Validation\Rules->is_unique('xyz123@gmail.co...', 'user_email', Array, NULL)
#1 C:\xampp\htdocs\ci_project\system\Validation\Validation.php(157): CodeIgniter\Validation\Validation->processRules('email', 'email', 'xyz123@gmail.co...', Array, Array)
#2 C:\xampp\htdocs\ci_project\system\Controller.php(160): CodeIgniter\Validation\Validation->run()
#3 C:\xampp\htdocs\ci_project\app\Controllers\Register.php(29): CodeIgniter\Controller->validate(Array)
#4 C:\xampp\htdocs\ci_project\system\CodeIgniter.php(832): App\Controllers\Register->save()
#5 C:\xampp\htdocs\ci_project\system\CodeIgniter.php(419): CodeIgniter\CodeIgniter->runController(Object(App\Controllers\Register))
#6 C:\xampp\htdocs\ci_project\system\CodeIgniter.php(326): CodeIgniter\CodeIgniter->handleRequest(NULL, Object(Config\Cache), false)
#7 C:\xampp\htdocs\ci_project\index.php(37): CodeIgniter\CodeIgniter->run()
#8 {main}
ERROR - 2022-03-17 08:55:51 --> Unknown column 'user_email' in 'where clause'
CRITICAL - 2022-03-17 08:55:51 --> Call to a member function getRow() on bool
#0 C:\xampp\htdocs\ci_project\system\Validation\Validation.php(292): CodeIgniter\Validation\Rules->is_unique('xyz123@gmail.co...', 'user_email', Array, NULL)
#1 C:\xampp\htdocs\ci_project\system\Validation\Validation.php(157): CodeIgniter\Validation\Validation->processRules('email', 'email', 'xyz123@gmail.co...', Array, Array)
#2 C:\xampp\htdocs\ci_project\system\Controller.php(160): CodeIgniter\Validation\Validation->run()
#3 C:\xampp\htdocs\ci_project\app\Controllers\Register.php(29): CodeIgniter\Controller->validate(Array)
#4 C:\xampp\htdocs\ci_project\system\CodeIgniter.php(832): App\Controllers\Register->save()
#5 C:\xampp\htdocs\ci_project\system\CodeIgniter.php(419): CodeIgniter\CodeIgniter->runController(Object(App\Controllers\Register))
#6 C:\xampp\htdocs\ci_project\system\CodeIgniter.php(326): CodeIgniter\CodeIgniter->handleRequest(NULL, Object(Config\Cache), false)
#7 C:\xampp\htdocs\ci_project\index.php(37): CodeIgniter\CodeIgniter->run()
#8 {main}
CRITICAL - 2022-03-17 08:58:51 --> Unmatched '}'
#0 C:\xampp\htdocs\ci_project\system\Router\Router.php(175): CodeIgniter\Router\Router->autoRoute('/register/save')
#1 C:\xampp\htdocs\ci_project\system\CodeIgniter.php(726): CodeIgniter\Router\Router->handle('/register/save')
#2 C:\xampp\htdocs\ci_project\system\CodeIgniter.php(368): CodeIgniter\CodeIgniter->tryToRouteIt(Object(CodeIgniter\Router\RouteCollection))
#3 C:\xampp\htdocs\ci_project\system\CodeIgniter.php(326): CodeIgniter\CodeIgniter->handleRequest(NULL, Object(Config\Cache), false)
#4 C:\xampp\htdocs\ci_project\index.php(37): CodeIgniter\CodeIgniter->run()
#5 {main}
CRITICAL - 2022-03-17 08:58:53 --> Unmatched '}'
#0 C:\xampp\htdocs\ci_project\system\Router\Router.php(175): CodeIgniter\Router\Router->autoRoute('/register/save')
#1 C:\xampp\htdocs\ci_project\system\CodeIgniter.php(726): CodeIgniter\Router\Router->handle('/register/save')
#2 C:\xampp\htdocs\ci_project\system\CodeIgniter.php(368): CodeIgniter\CodeIgniter->tryToRouteIt(Object(CodeIgniter\Router\RouteCollection))
#3 C:\xampp\htdocs\ci_project\system\CodeIgniter.php(326): CodeIgniter\CodeIgniter->handleRequest(NULL, Object(Config\Cache), false)
#4 C:\xampp\htdocs\ci_project\index.php(37): CodeIgniter\CodeIgniter->run()
#5 {main}
CRITICAL - 2022-03-17 09:00:32 --> Unmatched '}'
#0 C:\xampp\htdocs\ci_project\system\Router\Router.php(175): CodeIgniter\Router\Router->autoRoute('/register/save')
#1 C:\xampp\htdocs\ci_project\system\CodeIgniter.php(726): CodeIgniter\Router\Router->handle('/register/save')
#2 C:\xampp\htdocs\ci_project\system\CodeIgniter.php(368): CodeIgniter\CodeIgniter->tryToRouteIt(Object(CodeIgniter\Router\RouteCollection))
#3 C:\xampp\htdocs\ci_project\system\CodeIgniter.php(326): CodeIgniter\CodeIgniter->handleRequest(NULL, Object(Config\Cache), false)
#4 C:\xampp\htdocs\ci_project\index.php(37): CodeIgniter\CodeIgniter->run()
#5 {main}
CRITICAL - 2022-03-17 09:00:32 --> Unmatched '}'
#0 C:\xampp\htdocs\ci_project\system\Router\Router.php(175): CodeIgniter\Router\Router->autoRoute('/register/save')
#1 C:\xampp\htdocs\ci_project\system\CodeIgniter.php(726): CodeIgniter\Router\Router->handle('/register/save')
#2 C:\xampp\htdocs\ci_project\system\CodeIgniter.php(368): CodeIgniter\CodeIgniter->tryToRouteIt(Object(CodeIgniter\Router\RouteCollection))
#3 C:\xampp\htdocs\ci_project\system\CodeIgniter.php(326): CodeIgniter\CodeIgniter->handleRequest(NULL, Object(Config\Cache), false)
#4 C:\xampp\htdocs\ci_project\index.php(37): CodeIgniter\CodeIgniter->run()
#5 {main}
CRITICAL - 2022-03-17 09:00:32 --> Unmatched '}'
#0 C:\xampp\htdocs\ci_project\system\Router\Router.php(175): CodeIgniter\Router\Router->autoRoute('/register/save')
#1 C:\xampp\htdocs\ci_project\system\CodeIgniter.php(726): CodeIgniter\Router\Router->handle('/register/save')
#2 C:\xampp\htdocs\ci_project\system\CodeIgniter.php(368): CodeIgniter\CodeIgniter->tryToRouteIt(Object(CodeIgniter\Router\RouteCollection))
#3 C:\xampp\htdocs\ci_project\system\CodeIgniter.php(326): CodeIgniter\CodeIgniter->handleRequest(NULL, Object(Config\Cache), false)
#4 C:\xampp\htdocs\ci_project\index.php(37): CodeIgniter\CodeIgniter->run()
#5 {main}
CRITICAL - 2022-03-17 09:00:33 --> Unmatched '}'
#0 C:\xampp\htdocs\ci_project\system\Router\Router.php(175): CodeIgniter\Router\Router->autoRoute('/register/save')
#1 C:\xampp\htdocs\ci_project\system\CodeIgniter.php(726): CodeIgniter\Router\Router->handle('/register/save')
#2 C:\xampp\htdocs\ci_project\system\CodeIgniter.php(368): CodeIgniter\CodeIgniter->tryToRouteIt(Object(CodeIgniter\Router\RouteCollection))
#3 C:\xampp\htdocs\ci_project\system\CodeIgniter.php(326): CodeIgniter\CodeIgniter->handleRequest(NULL, Object(Config\Cache), false)
#4 C:\xampp\htdocs\ci_project\index.php(37): CodeIgniter\CodeIgniter->run()
#5 {main}
CRITICAL - 2022-03-17 09:00:33 --> Unmatched '}'
#0 C:\xampp\htdocs\ci_project\system\Router\Router.php(175): CodeIgniter\Router\Router->autoRoute('/register/save')
#1 C:\xampp\htdocs\ci_project\system\CodeIgniter.php(726): CodeIgniter\Router\Router->handle('/register/save')
#2 C:\xampp\htdocs\ci_project\system\CodeIgniter.php(368): CodeIgniter\CodeIgniter->tryToRouteIt(Object(CodeIgniter\Router\RouteCollection))
#3 C:\xampp\htdocs\ci_project\system\CodeIgniter.php(326): CodeIgniter\CodeIgniter->handleRequest(NULL, Object(Config\Cache), false)
#4 C:\xampp\htdocs\ci_project\index.php(37): CodeIgniter\CodeIgniter->run()
#5 {main}
ERROR - 2022-03-17 09:00:53 --> Unknown column 'user_email' in 'where clause'
CRITICAL - 2022-03-17 09:00:53 --> Call to a member function getRow() on bool
#0 C:\xampp\htdocs\ci_project\system\Validation\Validation.php(292): CodeIgniter\Validation\Rules->is_unique('xyz123@gmail.co...', 'user_email', Array, NULL)
#1 C:\xampp\htdocs\ci_project\system\Validation\Validation.php(157): CodeIgniter\Validation\Validation->processRules('email', 'email', 'xyz123@gmail.co...', Array, Array)
#2 C:\xampp\htdocs\ci_project\system\Controller.php(160): CodeIgniter\Validation\Validation->run()
#3 C:\xampp\htdocs\ci_project\app\Controllers\Register.php(29): CodeIgniter\Controller->validate(Array)
#4 C:\xampp\htdocs\ci_project\system\CodeIgniter.php(832): App\Controllers\Register->save()
#5 C:\xampp\htdocs\ci_project\system\CodeIgniter.php(419): CodeIgniter\CodeIgniter->runController(Object(App\Controllers\Register))
#6 C:\xampp\htdocs\ci_project\system\CodeIgniter.php(326): CodeIgniter\CodeIgniter->handleRequest(NULL, Object(Config\Cache), false)
#7 C:\xampp\htdocs\ci_project\index.php(37): CodeIgniter\CodeIgniter->run()
#8 {main}
ERROR - 2022-03-17 09:01:01 --> Unknown column 'user_email' in 'where clause'
CRITICAL - 2022-03-17 09:01:01 --> Call to a member function getRow() on bool
#0 C:\xampp\htdocs\ci_project\system\Validation\Validation.php(292): CodeIgniter\Validation\Rules->is_unique('xyz123@gmail.co...', 'user_email', Array, NULL)
#1 C:\xampp\htdocs\ci_project\system\Validation\Validation.php(157): CodeIgniter\Validation\Validation->processRules('email', 'email', 'xyz123@gmail.co...', Array, Array)
#2 C:\xampp\htdocs\ci_project\system\Controller.php(160): CodeIgniter\Validation\Validation->run()
#3 C:\xampp\htdocs\ci_project\app\Controllers\Register.php(29): CodeIgniter\Controller->validate(Array)
#4 C:\xampp\htdocs\ci_project\system\CodeIgniter.php(832): App\Controllers\Register->save()
#5 C:\xampp\htdocs\ci_project\system\CodeIgniter.php(419): CodeIgniter\CodeIgniter->runController(Object(App\Controllers\Register))
#6 C:\xampp\htdocs\ci_project\system\CodeIgniter.php(326): CodeIgniter\CodeIgniter->handleRequest(NULL, Object(Config\Cache), false)
#7 C:\xampp\htdocs\ci_project\index.php(37): CodeIgniter\CodeIgniter->run()
#8 {main}
ERROR - 2022-03-17 09:01:02 --> Unknown column 'user_email' in 'where clause'
CRITICAL - 2022-03-17 09:01:02 --> Call to a member function getRow() on bool
#0 C:\xampp\htdocs\ci_project\system\Validation\Validation.php(292): CodeIgniter\Validation\Rules->is_unique('xyz123@gmail.co...', 'user_email', Array, NULL)
#1 C:\xampp\htdocs\ci_project\system\Validation\Validation.php(157): CodeIgniter\Validation\Validation->processRules('email', 'email', 'xyz123@gmail.co...', Array, Array)
#2 C:\xampp\htdocs\ci_project\system\Controller.php(160): CodeIgniter\Validation\Validation->run()
#3 C:\xampp\htdocs\ci_project\app\Controllers\Register.php(29): CodeIgniter\Controller->validate(Array)
#4 C:\xampp\htdocs\ci_project\system\CodeIgniter.php(832): App\Controllers\Register->save()
#5 C:\xampp\htdocs\ci_project\system\CodeIgniter.php(419): CodeIgniter\CodeIgniter->runController(Object(App\Controllers\Register))
#6 C:\xampp\htdocs\ci_project\system\CodeIgniter.php(326): CodeIgniter\CodeIgniter->handleRequest(NULL, Object(Config\Cache), false)
#7 C:\xampp\htdocs\ci_project\index.php(37): CodeIgniter\CodeIgniter->run()
#8 {main}
ERROR - 2022-03-17 09:04:30 --> Unknown column 'user_email' in 'where clause'
CRITICAL - 2022-03-17 09:04:30 --> Call to a member function getRow() on bool
#0 C:\xampp\htdocs\ci_project\system\Validation\Validation.php(292): CodeIgniter\Validation\Rules->is_unique('xyz123@gmail.co...', 'user_email', Array, NULL)
#1 C:\xampp\htdocs\ci_project\system\Validation\Validation.php(157): CodeIgniter\Validation\Validation->processRules('email', 'email', 'xyz123@gmail.co...', Array, Array)
#2 C:\xampp\htdocs\ci_project\system\Controller.php(160): CodeIgniter\Validation\Validation->run()
#3 C:\xampp\htdocs\ci_project\app\Controllers\Register.php(29): CodeIgniter\Controller->validate(Array)
#4 C:\xampp\htdocs\ci_project\system\CodeIgniter.php(832): App\Controllers\Register->save()
#5 C:\xampp\htdocs\ci_project\system\CodeIgniter.php(419): CodeIgniter\CodeIgniter->runController(Object(App\Controllers\Register))
#6 C:\xampp\htdocs\ci_project\system\CodeIgniter.php(326): CodeIgniter\CodeIgniter->handleRequest(NULL, Object(Config\Cache), false)
#7 C:\xampp\htdocs\ci_project\index.php(37): CodeIgniter\CodeIgniter->run()
#8 {main}
ERROR - 2022-03-17 09:04:31 --> Unknown column 'user_email' in 'where clause'
CRITICAL - 2022-03-17 09:04:31 --> Call to a member function getRow() on bool
#0 C:\xampp\htdocs\ci_project\system\Validation\Validation.php(292): CodeIgniter\Validation\Rules->is_unique('xyz123@gmail.co...', 'user_email', Array, NULL)
#1 C:\xampp\htdocs\ci_project\system\Validation\Validation.php(157): CodeIgniter\Validation\Validation->processRules('email', 'email', 'xyz123@gmail.co...', Array, Array)
#2 C:\xampp\htdocs\ci_project\system\Controller.php(160): CodeIgniter\Validation\Validation->run()
#3 C:\xampp\htdocs\ci_project\app\Controllers\Register.php(29): CodeIgniter\Controller->validate(Array)
#4 C:\xampp\htdocs\ci_project\system\CodeIgniter.php(832): App\Controllers\Register->save()
#5 C:\xampp\htdocs\ci_project\system\CodeIgniter.php(419): CodeIgniter\CodeIgniter->runController(Object(App\Controllers\Register))
#6 C:\xampp\htdocs\ci_project\system\CodeIgniter.php(326): CodeIgniter\CodeIgniter->handleRequest(NULL, Object(Config\Cache), false)
#7 C:\xampp\htdocs\ci_project\index.php(37): CodeIgniter\CodeIgniter->run()
#8 {main}
ERROR - 2022-03-17 09:17:24 --> Unknown column 'user_email' in 'where clause'
CRITICAL - 2022-03-17 09:17:24 --> Call to a member function getRow() on bool
#0 C:\xampp\htdocs\ci_project\system\Validation\Validation.php(292): CodeIgniter\Validation\Rules->is_unique('xyz123@gmail.co...', 'user_email', Array, NULL)
#1 C:\xampp\htdocs\ci_project\system\Validation\Validation.php(157): CodeIgniter\Validation\Validation->processRules('email', 'email', 'xyz123@gmail.co...', Array, Array)
#2 C:\xampp\htdocs\ci_project\system\Controller.php(160): CodeIgniter\Validation\Validation->run()
#3 C:\xampp\htdocs\ci_project\app\Controllers\Register.php(29): CodeIgniter\Controller->validate(Array)
#4 C:\xampp\htdocs\ci_project\system\CodeIgniter.php(832): App\Controllers\Register->save()
#5 C:\xampp\htdocs\ci_project\system\CodeIgniter.php(419): CodeIgniter\CodeIgniter->runController(Object(App\Controllers\Register))
#6 C:\xampp\htdocs\ci_project\system\CodeIgniter.php(326): CodeIgniter\CodeIgniter->handleRequest(NULL, Object(Config\Cache), false)
#7 C:\xampp\htdocs\ci_project\index.php(37): CodeIgniter\CodeIgniter->run()
#8 {main}
CRITICAL - 2022-03-17 09:21:04 --> Undefined variable $tables
#0 C:\xampp\htdocs\ci_project\app\Controllers\Register.php(29): CodeIgniter\Debug\Exceptions->errorHandler(2, 'Undefined varia...', 'C:\\xampp\\htdocs...', 29)
#1 C:\xampp\htdocs\ci_project\system\CodeIgniter.php(832): App\Controllers\Register->save()
#2 C:\xampp\htdocs\ci_project\system\CodeIgniter.php(419): CodeIgniter\CodeIgniter->runController(Object(App\Controllers\Register))
#3 C:\xampp\htdocs\ci_project\system\CodeIgniter.php(326): CodeIgniter\CodeIgniter->handleRequest(NULL, Object(Config\Cache), false)
#4 C:\xampp\htdocs\ci_project\index.php(37): CodeIgniter\CodeIgniter->run()
#5 {main}
ERROR - 2022-03-17 09:28:21 --> Unknown column 'user_email' in 'where clause'
CRITICAL - 2022-03-17 09:28:21 --> Call to a member function getRow() on bool
#0 C:\xampp\htdocs\ci_project\system\Validation\Validation.php(292): CodeIgniter\Validation\Rules->is_unique('xyz123@gmail.co...', 'user_email', Array, NULL)
#1 C:\xampp\htdocs\ci_project\system\Validation\Validation.php(157): CodeIgniter\Validation\Validation->processRules('email', 'email', 'xyz123@gmail.co...', Array, Array)
#2 C:\xampp\htdocs\ci_project\system\Controller.php(160): CodeIgniter\Validation\Validation->run()
#3 C:\xampp\htdocs\ci_project\app\Controllers\Register.php(29): CodeIgniter\Controller->validate(Array)
#4 C:\xampp\htdocs\ci_project\system\CodeIgniter.php(832): App\Controllers\Register->save()
#5 C:\xampp\htdocs\ci_project\system\CodeIgniter.php(419): CodeIgniter\CodeIgniter->runController(Object(App\Controllers\Register))
#6 C:\xampp\htdocs\ci_project\system\CodeIgniter.php(326): CodeIgniter\CodeIgniter->handleRequest(NULL, Object(Config\Cache), false)
#7 C:\xampp\htdocs\ci_project\index.php(37): CodeIgniter\CodeIgniter->run()
#8 {main}
ERROR - 2022-03-17 09:30:09 --> Unknown column 'user_email' in 'where clause'
CRITICAL - 2022-03-17 09:30:09 --> Call to a member function getRow() on bool
#0 C:\xampp\htdocs\ci_project\system\Validation\Validation.php(292): CodeIgniter\Validation\Rules->is_unique('xyz123@gmail.co...', 'user_email', Array, NULL)
#1 C:\xampp\htdocs\ci_project\system\Validation\Validation.php(157): CodeIgniter\Validation\Validation->processRules('email', 'email', 'xyz123@gmail.co...', Array, Array)
#2 C:\xampp\htdocs\ci_project\system\Controller.php(160): CodeIgniter\Validation\Validation->run()
#3 C:\xampp\htdocs\ci_project\app\Controllers\Register.php(29): CodeIgniter\Controller->validate(Array)
#4 C:\xampp\htdocs\ci_project\system\CodeIgniter.php(832): App\Controllers\Register->save()
#5 C:\xampp\htdocs\ci_project\system\CodeIgniter.php(419): CodeIgniter\CodeIgniter->runController(Object(App\Controllers\Register))
#6 C:\xampp\htdocs\ci_project\system\CodeIgniter.php(326): CodeIgniter\CodeIgniter->handleRequest(NULL, Object(Config\Cache), false)
#7 C:\xampp\htdocs\ci_project\index.php(37): CodeIgniter\CodeIgniter->run()
#8 {main}
ERROR - 2022-03-17 09:37:29 --> Unknown column 'user_email' in 'where clause'
CRITICAL - 2022-03-17 09:37:29 --> Call to a member function getRow() on bool
#0 C:\xampp\htdocs\ci_project\system\Validation\Validation.php(292): CodeIgniter\Validation\Rules->is_unique('xyz123@gmail.co...', 'user_email', Array, NULL)
#1 C:\xampp\htdocs\ci_project\system\Validation\Validation.php(157): CodeIgniter\Validation\Validation->processRules('email', 'email', 'xyz123@gmail.co...', Array, Array)
#2 C:\xampp\htdocs\ci_project\system\Controller.php(160): CodeIgniter\Validation\Validation->run()
#3 C:\xampp\htdocs\ci_project\app\Controllers\Register.php(29): CodeIgniter\Controller->validate(Array)
#4 C:\xampp\htdocs\ci_project\system\CodeIgniter.php(832): App\Controllers\Register->save()
#5 C:\xampp\htdocs\ci_project\system\CodeIgniter.php(419): CodeIgniter\CodeIgniter->runController(Object(App\Controllers\Register))
#6 C:\xampp\htdocs\ci_project\system\CodeIgniter.php(326): CodeIgniter\CodeIgniter->handleRequest(NULL, Object(Config\Cache), false)
#7 C:\xampp\htdocs\ci_project\index.php(37): CodeIgniter\CodeIgniter->run()
#8 {main}
ERROR - 2022-03-17 09:41:52 --> Unknown column 'user_email' in 'where clause'
CRITICAL - 2022-03-17 09:41:52 --> Call to a member function getRow() on bool
#0 C:\xampp\htdocs\ci_project\system\Validation\Validation.php(292): CodeIgniter\Validation\Rules->is_unique('xyz123@gmail.co...', 'user_email', Array, NULL)
#1 C:\xampp\htdocs\ci_project\system\Validation\Validation.php(157): CodeIgniter\Validation\Validation->processRules('email', 'email', 'xyz123@gmail.co...', Array, Array)
#2 C:\xampp\htdocs\ci_project\system\Controller.php(160): CodeIgniter\Validation\Validation->run()
#3 C:\xampp\htdocs\ci_project\app\Controllers\Register.php(29): CodeIgniter\Controller->validate(Array)
#4 C:\xampp\htdocs\ci_project\system\CodeIgniter.php(832): App\Controllers\Register->save()
#5 C:\xampp\htdocs\ci_project\system\CodeIgniter.php(419): CodeIgniter\CodeIgniter->runController(Object(App\Controllers\Register))
#6 C:\xampp\htdocs\ci_project\system\CodeIgniter.php(326): CodeIgniter\CodeIgniter->handleRequest(NULL, Object(Config\Cache), false)
#7 C:\xampp\htdocs\ci_project\index.php(37): CodeIgniter\CodeIgniter->run()
#8 {main}
