CRITICAL - 2022-03-28 06:11:28 --> Invalid file: register.php
#0 C:\xampp\htdocs\ci_project\system\View\View.php(198): CodeIgniter\Exceptions\FrameworkException::forInvalidFile('register.php')
#1 C:\xampp\htdocs\ci_project\system\Common.php(1089): CodeIgniter\View\View->render('register', Array, true)
#2 C:\xampp\htdocs\ci_project\app\Controllers\Register.php(13): view('register', Array)
#3 C:\xampp\htdocs\ci_project\system\CodeIgniter.php(832): App\Controllers\Register->index()
#4 C:\xampp\htdocs\ci_project\system\CodeIgniter.php(419): CodeIgniter\CodeIgniter->runController(Object(App\Controllers\Register))
#5 C:\xampp\htdocs\ci_project\system\CodeIgniter.php(326): CodeIgniter\CodeIgniter->handleRequest(NULL, Object(Config\Cache), false)
#6 C:\xampp\htdocs\ci_project\index.php(37): CodeIgniter\CodeIgniter->run()
#7 {main}
CRITICAL - 2022-03-28 06:12:28 --> Invalid file: register.php
#0 C:\xampp\htdocs\ci_project\system\View\View.php(198): CodeIgniter\Exceptions\FrameworkException::forInvalidFile('register.php')
#1 C:\xampp\htdocs\ci_project\system\Common.php(1089): CodeIgniter\View\View->render('register', Array, true)
#2 C:\xampp\htdocs\ci_project\app\Controllers\Register.php(13): view('register', Array)
#3 C:\xampp\htdocs\ci_project\system\CodeIgniter.php(832): App\Controllers\Register->index()
#4 C:\xampp\htdocs\ci_project\system\CodeIgniter.php(419): CodeIgniter\CodeIgniter->runController(Object(App\Controllers\Register))
#5 C:\xampp\htdocs\ci_project\system\CodeIgniter.php(326): CodeIgniter\CodeIgniter->handleRequest(NULL, Object(Config\Cache), false)
#6 C:\xampp\htdocs\ci_project\index.php(37): CodeIgniter\CodeIgniter->run()
#7 {main}
CRITICAL - 2022-03-28 06:15:34 --> Invalid file: register.php
#0 C:\xampp\htdocs\ci_project\system\View\View.php(198): CodeIgniter\Exceptions\FrameworkException::forInvalidFile('register.php')
#1 C:\xampp\htdocs\ci_project\system\Common.php(1089): CodeIgniter\View\View->render('register', Array, true)
#2 C:\xampp\htdocs\ci_project\app\Controllers\Register.php(13): view('register', Array)
#3 C:\xampp\htdocs\ci_project\system\CodeIgniter.php(832): App\Controllers\Register->index()
#4 C:\xampp\htdocs\ci_project\system\CodeIgniter.php(419): CodeIgniter\CodeIgniter->runController(Object(App\Controllers\Register))
#5 C:\xampp\htdocs\ci_project\system\CodeIgniter.php(326): CodeIgniter\CodeIgniter->handleRequest(NULL, Object(Config\Cache), false)
#6 C:\xampp\htdocs\ci_project\index.php(37): CodeIgniter\CodeIgniter->run()
#7 {main}
CRITICAL - 2022-03-28 06:16:17 --> Invalid file: register.php
#0 C:\xampp\htdocs\ci_project\system\View\View.php(198): CodeIgniter\Exceptions\FrameworkException::forInvalidFile('register.php')
#1 C:\xampp\htdocs\ci_project\system\Common.php(1089): CodeIgniter\View\View->render('register', Array, true)
#2 C:\xampp\htdocs\ci_project\app\Controllers\Register.php(13): view('register', Array)
#3 C:\xampp\htdocs\ci_project\system\CodeIgniter.php(832): App\Controllers\Register->index()
#4 C:\xampp\htdocs\ci_project\system\CodeIgniter.php(419): CodeIgniter\CodeIgniter->runController(Object(App\Controllers\Register))
#5 C:\xampp\htdocs\ci_project\system\CodeIgniter.php(326): CodeIgniter\CodeIgniter->handleRequest(NULL, Object(Config\Cache), false)
#6 C:\xampp\htdocs\ci_project\index.php(37): CodeIgniter\CodeIgniter->run()
#7 {main}
CRITICAL - 2022-03-28 06:47:21 --> Invalid file: register.php
#0 C:\xampp\htdocs\ci_project\system\View\View.php(198): CodeIgniter\Exceptions\FrameworkException::forInvalidFile('register.php')
#1 C:\xampp\htdocs\ci_project\system\Common.php(1089): CodeIgniter\View\View->render('register', Array, true)
#2 C:\xampp\htdocs\ci_project\app\Controllers\Register.php(13): view('register', Array)
#3 C:\xampp\htdocs\ci_project\system\CodeIgniter.php(832): App\Controllers\Register->index()
#4 C:\xampp\htdocs\ci_project\system\CodeIgniter.php(419): CodeIgniter\CodeIgniter->runController(Object(App\Controllers\Register))
#5 C:\xampp\htdocs\ci_project\system\CodeIgniter.php(326): CodeIgniter\CodeIgniter->handleRequest(NULL, Object(Config\Cache), false)
#6 C:\xampp\htdocs\ci_project\index.php(37): CodeIgniter\CodeIgniter->run()
#7 {main}
CRITICAL - 2022-03-28 06:47:47 --> Invalid file: register.php
#0 C:\xampp\htdocs\ci_project\system\View\View.php(198): CodeIgniter\Exceptions\FrameworkException::forInvalidFile('register.php')
#1 C:\xampp\htdocs\ci_project\system\Common.php(1089): CodeIgniter\View\View->render('register', Array, true)
#2 C:\xampp\htdocs\ci_project\app\Controllers\Register.php(13): view('register', Array)
#3 C:\xampp\htdocs\ci_project\system\CodeIgniter.php(832): App\Controllers\Register->index()
#4 C:\xampp\htdocs\ci_project\system\CodeIgniter.php(419): CodeIgniter\CodeIgniter->runController(Object(App\Controllers\Register))
#5 C:\xampp\htdocs\ci_project\system\CodeIgniter.php(326): CodeIgniter\CodeIgniter->handleRequest(NULL, Object(Config\Cache), false)
#6 C:\xampp\htdocs\ci_project\index.php(37): CodeIgniter\CodeIgniter->run()
#7 {main}
CRITICAL - 2022-03-28 06:47:49 --> Invalid file: register.php
#0 C:\xampp\htdocs\ci_project\system\View\View.php(198): CodeIgniter\Exceptions\FrameworkException::forInvalidFile('register.php')
#1 C:\xampp\htdocs\ci_project\system\Common.php(1089): CodeIgniter\View\View->render('register', Array, true)
#2 C:\xampp\htdocs\ci_project\app\Controllers\Register.php(13): view('register', Array)
#3 C:\xampp\htdocs\ci_project\system\CodeIgniter.php(832): App\Controllers\Register->index()
#4 C:\xampp\htdocs\ci_project\system\CodeIgniter.php(419): CodeIgniter\CodeIgniter->runController(Object(App\Controllers\Register))
#5 C:\xampp\htdocs\ci_project\system\CodeIgniter.php(326): CodeIgniter\CodeIgniter->handleRequest(NULL, Object(Config\Cache), false)
#6 C:\xampp\htdocs\ci_project\index.php(37): CodeIgniter\CodeIgniter->run()
#7 {main}
CRITICAL - 2022-03-28 06:54:29 --> Invalid file: register.php
#0 C:\xampp\htdocs\ci_project\system\View\View.php(198): CodeIgniter\Exceptions\FrameworkException::forInvalidFile('register.php')
#1 C:\xampp\htdocs\ci_project\system\Common.php(1089): CodeIgniter\View\View->render('register', Array, true)
#2 C:\xampp\htdocs\ci_project\app\Controllers\Register.php(13): view('register', Array)
#3 C:\xampp\htdocs\ci_project\system\CodeIgniter.php(832): App\Controllers\Register->index()
#4 C:\xampp\htdocs\ci_project\system\CodeIgniter.php(419): CodeIgniter\CodeIgniter->runController(Object(App\Controllers\Register))
#5 C:\xampp\htdocs\ci_project\system\CodeIgniter.php(326): CodeIgniter\CodeIgniter->handleRequest(NULL, Object(Config\Cache), false)
#6 C:\xampp\htdocs\ci_project\index.php(37): CodeIgniter\CodeIgniter->run()
#7 {main}
CRITICAL - 2022-03-28 06:57:20 --> Invalid file: register.php
#0 C:\xampp\htdocs\ci_project\system\View\View.php(198): CodeIgniter\Exceptions\FrameworkException::forInvalidFile('register.php')
#1 C:\xampp\htdocs\ci_project\system\Common.php(1089): CodeIgniter\View\View->render('register', Array, true)
#2 C:\xampp\htdocs\ci_project\app\Controllers\Register.php(13): view('register', Array)
#3 C:\xampp\htdocs\ci_project\system\CodeIgniter.php(832): App\Controllers\Register->index()
#4 C:\xampp\htdocs\ci_project\system\CodeIgniter.php(419): CodeIgniter\CodeIgniter->runController(Object(App\Controllers\Register))
#5 C:\xampp\htdocs\ci_project\system\CodeIgniter.php(326): CodeIgniter\CodeIgniter->handleRequest(NULL, Object(Config\Cache), false)
#6 C:\xampp\htdocs\ci_project\index.php(37): CodeIgniter\CodeIgniter->run()
#7 {main}
CRITICAL - 2022-03-28 07:03:54 --> Invalid file: register.php
#0 C:\xampp\htdocs\ci_project\system\View\View.php(198): CodeIgniter\Exceptions\FrameworkException::forInvalidFile('register.php')
#1 C:\xampp\htdocs\ci_project\system\Common.php(1089): CodeIgniter\View\View->render('register', Array, true)
#2 C:\xampp\htdocs\ci_project\app\Controllers\Register.php(13): view('register', Array)
#3 C:\xampp\htdocs\ci_project\system\CodeIgniter.php(832): App\Controllers\Register->index()
#4 C:\xampp\htdocs\ci_project\system\CodeIgniter.php(419): CodeIgniter\CodeIgniter->runController(Object(App\Controllers\Register))
#5 C:\xampp\htdocs\ci_project\system\CodeIgniter.php(326): CodeIgniter\CodeIgniter->handleRequest(NULL, Object(Config\Cache), false)
#6 C:\xampp\htdocs\ci_project\index.php(37): CodeIgniter\CodeIgniter->run()
#7 {main}
CRITICAL - 2022-03-28 07:04:47 --> Invalid file: register.php
#0 C:\xampp\htdocs\ci_project\system\View\View.php(198): CodeIgniter\Exceptions\FrameworkException::forInvalidFile('register.php')
#1 C:\xampp\htdocs\ci_project\system\Common.php(1089): CodeIgniter\View\View->render('register', Array, true)
#2 C:\xampp\htdocs\ci_project\app\Controllers\Register.php(13): view('register', Array)
#3 C:\xampp\htdocs\ci_project\system\CodeIgniter.php(832): App\Controllers\Register->index()
#4 C:\xampp\htdocs\ci_project\system\CodeIgniter.php(419): CodeIgniter\CodeIgniter->runController(Object(App\Controllers\Register))
#5 C:\xampp\htdocs\ci_project\system\CodeIgniter.php(326): CodeIgniter\CodeIgniter->handleRequest(NULL, Object(Config\Cache), false)
#6 C:\xampp\htdocs\ci_project\index.php(37): CodeIgniter\CodeIgniter->run()
#7 {main}
CRITICAL - 2022-03-28 07:05:58 --> Invalid file: register.php
#0 C:\xampp\htdocs\ci_project\system\View\View.php(198): CodeIgniter\Exceptions\FrameworkException::forInvalidFile('register.php')
#1 C:\xampp\htdocs\ci_project\system\Common.php(1089): CodeIgniter\View\View->render('register', Array, true)
#2 C:\xampp\htdocs\ci_project\app\Controllers\Register.php(13): view('register', Array)
#3 C:\xampp\htdocs\ci_project\system\CodeIgniter.php(832): App\Controllers\Register->index()
#4 C:\xampp\htdocs\ci_project\system\CodeIgniter.php(419): CodeIgniter\CodeIgniter->runController(Object(App\Controllers\Register))
#5 C:\xampp\htdocs\ci_project\system\CodeIgniter.php(326): CodeIgniter\CodeIgniter->handleRequest(NULL, Object(Config\Cache), false)
#6 C:\xampp\htdocs\ci_project\index.php(37): CodeIgniter\CodeIgniter->run()
#7 {main}
CRITICAL - 2022-03-28 07:05:59 --> Invalid file: register.php
#0 C:\xampp\htdocs\ci_project\system\View\View.php(198): CodeIgniter\Exceptions\FrameworkException::forInvalidFile('register.php')
#1 C:\xampp\htdocs\ci_project\system\Common.php(1089): CodeIgniter\View\View->render('register', Array, true)
#2 C:\xampp\htdocs\ci_project\app\Controllers\Register.php(13): view('register', Array)
#3 C:\xampp\htdocs\ci_project\system\CodeIgniter.php(832): App\Controllers\Register->index()
#4 C:\xampp\htdocs\ci_project\system\CodeIgniter.php(419): CodeIgniter\CodeIgniter->runController(Object(App\Controllers\Register))
#5 C:\xampp\htdocs\ci_project\system\CodeIgniter.php(326): CodeIgniter\CodeIgniter->handleRequest(NULL, Object(Config\Cache), false)
#6 C:\xampp\htdocs\ci_project\index.php(37): CodeIgniter\CodeIgniter->run()
#7 {main}
CRITICAL - 2022-03-28 07:06:02 --> Invalid file: register.php
#0 C:\xampp\htdocs\ci_project\system\View\View.php(198): CodeIgniter\Exceptions\FrameworkException::forInvalidFile('register.php')
#1 C:\xampp\htdocs\ci_project\system\Common.php(1089): CodeIgniter\View\View->render('register', Array, true)
#2 C:\xampp\htdocs\ci_project\app\Controllers\Register.php(13): view('register', Array)
#3 C:\xampp\htdocs\ci_project\system\CodeIgniter.php(832): App\Controllers\Register->index()
#4 C:\xampp\htdocs\ci_project\system\CodeIgniter.php(419): CodeIgniter\CodeIgniter->runController(Object(App\Controllers\Register))
#5 C:\xampp\htdocs\ci_project\system\CodeIgniter.php(326): CodeIgniter\CodeIgniter->handleRequest(NULL, Object(Config\Cache), false)
#6 C:\xampp\htdocs\ci_project\index.php(37): CodeIgniter\CodeIgniter->run()
#7 {main}
CRITICAL - 2022-03-28 07:06:14 --> Invalid file: register.php
#0 C:\xampp\htdocs\ci_project\system\View\View.php(198): CodeIgniter\Exceptions\FrameworkException::forInvalidFile('register.php')
#1 C:\xampp\htdocs\ci_project\system\Common.php(1089): CodeIgniter\View\View->render('register', Array, true)
#2 C:\xampp\htdocs\ci_project\app\Controllers\Register.php(13): view('register', Array)
#3 C:\xampp\htdocs\ci_project\system\CodeIgniter.php(832): App\Controllers\Register->index()
#4 C:\xampp\htdocs\ci_project\system\CodeIgniter.php(419): CodeIgniter\CodeIgniter->runController(Object(App\Controllers\Register))
#5 C:\xampp\htdocs\ci_project\system\CodeIgniter.php(326): CodeIgniter\CodeIgniter->handleRequest(NULL, Object(Config\Cache), false)
#6 C:\xampp\htdocs\ci_project\index.php(37): CodeIgniter\CodeIgniter->run()
#7 {main}
CRITICAL - 2022-03-28 07:06:30 --> Invalid file: register.php
#0 C:\xampp\htdocs\ci_project\system\View\View.php(198): CodeIgniter\Exceptions\FrameworkException::forInvalidFile('register.php')
#1 C:\xampp\htdocs\ci_project\system\Common.php(1089): CodeIgniter\View\View->render('register', Array, true)
#2 C:\xampp\htdocs\ci_project\app\Controllers\Register.php(13): view('register', Array)
#3 C:\xampp\htdocs\ci_project\system\CodeIgniter.php(832): App\Controllers\Register->index()
#4 C:\xampp\htdocs\ci_project\system\CodeIgniter.php(419): CodeIgniter\CodeIgniter->runController(Object(App\Controllers\Register))
#5 C:\xampp\htdocs\ci_project\system\CodeIgniter.php(326): CodeIgniter\CodeIgniter->handleRequest(NULL, Object(Config\Cache), false)
#6 C:\xampp\htdocs\ci_project\index.php(37): CodeIgniter\CodeIgniter->run()
#7 {main}
CRITICAL - 2022-03-28 07:07:42 --> Invalid file: register.php
#0 C:\xampp\htdocs\ci_project\system\View\View.php(198): CodeIgniter\Exceptions\FrameworkException::forInvalidFile('register.php')
#1 C:\xampp\htdocs\ci_project\system\Common.php(1089): CodeIgniter\View\View->render('register', Array, true)
#2 C:\xampp\htdocs\ci_project\app\Controllers\Register.php(13): view('register', Array)
#3 C:\xampp\htdocs\ci_project\system\CodeIgniter.php(832): App\Controllers\Register->index()
#4 C:\xampp\htdocs\ci_project\system\CodeIgniter.php(419): CodeIgniter\CodeIgniter->runController(Object(App\Controllers\Register))
#5 C:\xampp\htdocs\ci_project\system\CodeIgniter.php(326): CodeIgniter\CodeIgniter->handleRequest(NULL, Object(Config\Cache), false)
#6 C:\xampp\htdocs\ci_project\index.php(37): CodeIgniter\CodeIgniter->run()
#7 {main}
CRITICAL - 2022-03-28 07:09:55 --> Invalid file: register.php
#0 C:\xampp\htdocs\ci_project\system\View\View.php(198): CodeIgniter\Exceptions\FrameworkException::forInvalidFile('register.php')
#1 C:\xampp\htdocs\ci_project\system\Common.php(1089): CodeIgniter\View\View->render('register', Array, true)
#2 C:\xampp\htdocs\ci_project\app\Controllers\Register.php(13): view('register', Array)
#3 C:\xampp\htdocs\ci_project\system\CodeIgniter.php(832): App\Controllers\Register->index()
#4 C:\xampp\htdocs\ci_project\system\CodeIgniter.php(419): CodeIgniter\CodeIgniter->runController(Object(App\Controllers\Register))
#5 C:\xampp\htdocs\ci_project\system\CodeIgniter.php(326): CodeIgniter\CodeIgniter->handleRequest(NULL, Object(Config\Cache), false)
#6 C:\xampp\htdocs\ci_project\index.php(37): CodeIgniter\CodeIgniter->run()
#7 {main}
CRITICAL - 2022-03-28 08:26:52 --> syntax error, unexpected token "else", expecting "function" or "const"
#0 C:\xampp\htdocs\ci_project\system\Router\Router.php(175): CodeIgniter\Router\Router->autoRoute('/login')
#1 C:\xampp\htdocs\ci_project\system\CodeIgniter.php(726): CodeIgniter\Router\Router->handle('/login')
#2 C:\xampp\htdocs\ci_project\system\CodeIgniter.php(368): CodeIgniter\CodeIgniter->tryToRouteIt(Object(CodeIgniter\Router\RouteCollection))
#3 C:\xampp\htdocs\ci_project\system\CodeIgniter.php(326): CodeIgniter\CodeIgniter->handleRequest(NULL, Object(Config\Cache), false)
#4 C:\xampp\htdocs\ci_project\index.php(37): CodeIgniter\CodeIgniter->run()
#5 {main}
CRITICAL - 2022-03-28 08:27:59 --> syntax error, unexpected token "else", expecting "function" or "const"
#0 C:\xampp\htdocs\ci_project\system\Router\Router.php(175): CodeIgniter\Router\Router->autoRoute('/login')
#1 C:\xampp\htdocs\ci_project\system\CodeIgniter.php(726): CodeIgniter\Router\Router->handle('/login')
#2 C:\xampp\htdocs\ci_project\system\CodeIgniter.php(368): CodeIgniter\CodeIgniter->tryToRouteIt(Object(CodeIgniter\Router\RouteCollection))
#3 C:\xampp\htdocs\ci_project\system\CodeIgniter.php(326): CodeIgniter\CodeIgniter->handleRequest(NULL, Object(Config\Cache), false)
#4 C:\xampp\htdocs\ci_project\index.php(37): CodeIgniter\CodeIgniter->run()
#5 {main}
CRITICAL - 2022-03-28 08:28:00 --> syntax error, unexpected token "else", expecting "function" or "const"
#0 C:\xampp\htdocs\ci_project\system\Router\Router.php(175): CodeIgniter\Router\Router->autoRoute('/login')
#1 C:\xampp\htdocs\ci_project\system\CodeIgniter.php(726): CodeIgniter\Router\Router->handle('/login')
#2 C:\xampp\htdocs\ci_project\system\CodeIgniter.php(368): CodeIgniter\CodeIgniter->tryToRouteIt(Object(CodeIgniter\Router\RouteCollection))
#3 C:\xampp\htdocs\ci_project\system\CodeIgniter.php(326): CodeIgniter\CodeIgniter->handleRequest(NULL, Object(Config\Cache), false)
#4 C:\xampp\htdocs\ci_project\index.php(37): CodeIgniter\CodeIgniter->run()
#5 {main}
CRITICAL - 2022-03-28 08:29:28 --> syntax error, unexpected string content ",", expecting "]"
#0 C:\xampp\htdocs\ci_project\system\Router\Router.php(175): CodeIgniter\Router\Router->autoRoute('/login')
#1 C:\xampp\htdocs\ci_project\system\CodeIgniter.php(726): CodeIgniter\Router\Router->handle('/login')
#2 C:\xampp\htdocs\ci_project\system\CodeIgniter.php(368): CodeIgniter\CodeIgniter->tryToRouteIt(Object(CodeIgniter\Router\RouteCollection))
#3 C:\xampp\htdocs\ci_project\system\CodeIgniter.php(326): CodeIgniter\CodeIgniter->handleRequest(NULL, Object(Config\Cache), false)
#4 C:\xampp\htdocs\ci_project\index.php(37): CodeIgniter\CodeIgniter->run()
#5 {main}
CRITICAL - 2022-03-28 08:30:46 --> syntax error, unexpected token "if", expecting "function" or "const"
#0 C:\xampp\htdocs\ci_project\system\Router\Router.php(175): CodeIgniter\Router\Router->autoRoute('/login')
#1 C:\xampp\htdocs\ci_project\system\CodeIgniter.php(726): CodeIgniter\Router\Router->handle('/login')
#2 C:\xampp\htdocs\ci_project\system\CodeIgniter.php(368): CodeIgniter\CodeIgniter->tryToRouteIt(Object(CodeIgniter\Router\RouteCollection))
#3 C:\xampp\htdocs\ci_project\system\CodeIgniter.php(326): CodeIgniter\CodeIgniter->handleRequest(NULL, Object(Config\Cache), false)
#4 C:\xampp\htdocs\ci_project\index.php(37): CodeIgniter\CodeIgniter->run()
#5 {main}
CRITICAL - 2022-03-28 08:31:18 --> syntax error, unexpected token "if", expecting "function" or "const"
#0 C:\xampp\htdocs\ci_project\system\Router\Router.php(175): CodeIgniter\Router\Router->autoRoute('/login')
#1 C:\xampp\htdocs\ci_project\system\CodeIgniter.php(726): CodeIgniter\Router\Router->handle('/login')
#2 C:\xampp\htdocs\ci_project\system\CodeIgniter.php(368): CodeIgniter\CodeIgniter->tryToRouteIt(Object(CodeIgniter\Router\RouteCollection))
#3 C:\xampp\htdocs\ci_project\system\CodeIgniter.php(326): CodeIgniter\CodeIgniter->handleRequest(NULL, Object(Config\Cache), false)
#4 C:\xampp\htdocs\ci_project\index.php(37): CodeIgniter\CodeIgniter->run()
#5 {main}
CRITICAL - 2022-03-28 08:31:19 --> syntax error, unexpected token "if", expecting "function" or "const"
#0 C:\xampp\htdocs\ci_project\system\Router\Router.php(175): CodeIgniter\Router\Router->autoRoute('/login')
#1 C:\xampp\htdocs\ci_project\system\CodeIgniter.php(726): CodeIgniter\Router\Router->handle('/login')
#2 C:\xampp\htdocs\ci_project\system\CodeIgniter.php(368): CodeIgniter\CodeIgniter->tryToRouteIt(Object(CodeIgniter\Router\RouteCollection))
#3 C:\xampp\htdocs\ci_project\system\CodeIgniter.php(326): CodeIgniter\CodeIgniter->handleRequest(NULL, Object(Config\Cache), false)
#4 C:\xampp\htdocs\ci_project\index.php(37): CodeIgniter\CodeIgniter->run()
#5 {main}
CRITICAL - 2022-03-28 08:31:19 --> syntax error, unexpected token "if", expecting "function" or "const"
#0 C:\xampp\htdocs\ci_project\system\Router\Router.php(175): CodeIgniter\Router\Router->autoRoute('/login')
#1 C:\xampp\htdocs\ci_project\system\CodeIgniter.php(726): CodeIgniter\Router\Router->handle('/login')
#2 C:\xampp\htdocs\ci_project\system\CodeIgniter.php(368): CodeIgniter\CodeIgniter->tryToRouteIt(Object(CodeIgniter\Router\RouteCollection))
#3 C:\xampp\htdocs\ci_project\system\CodeIgniter.php(326): CodeIgniter\CodeIgniter->handleRequest(NULL, Object(Config\Cache), false)
#4 C:\xampp\htdocs\ci_project\index.php(37): CodeIgniter\CodeIgniter->run()
#5 {main}
CRITICAL - 2022-03-28 09:32:01 --> Undefined variable $session
#0 C:\xampp\htdocs\ci_project\app\Views\userDashboard\dashboard.php(1): CodeIgniter\Debug\Exceptions->errorHandler(2, 'Undefined varia...', 'C:\\xampp\\htdocs...', 1)
#1 C:\xampp\htdocs\ci_project\system\View\View.php(210): include('C:\\xampp\\htdocs...')
#2 C:\xampp\htdocs\ci_project\system\View\View.php(213): CodeIgniter\View\View->CodeIgniter\View\{closure}()
#3 C:\xampp\htdocs\ci_project\system\Common.php(1089): CodeIgniter\View\View->render('userDashboard/d...', Array, true)
#4 C:\xampp\htdocs\ci_project\app\Controllers\Dashboard.php(11): view('userDashboard/d...')
#5 C:\xampp\htdocs\ci_project\system\CodeIgniter.php(832): App\Controllers\Dashboard->index()
#6 C:\xampp\htdocs\ci_project\system\CodeIgniter.php(419): CodeIgniter\CodeIgniter->runController(Object(App\Controllers\Dashboard))
#7 C:\xampp\htdocs\ci_project\system\CodeIgniter.php(326): CodeIgniter\CodeIgniter->handleRequest(NULL, Object(Config\Cache), false)
#8 C:\xampp\htdocs\ci_project\index.php(37): CodeIgniter\CodeIgniter->run()
#9 {main}
CRITICAL - 2022-03-28 09:32:03 --> Undefined variable $session
#0 C:\xampp\htdocs\ci_project\app\Views\userDashboard\dashboard.php(1): CodeIgniter\Debug\Exceptions->errorHandler(2, 'Undefined varia...', 'C:\\xampp\\htdocs...', 1)
#1 C:\xampp\htdocs\ci_project\system\View\View.php(210): include('C:\\xampp\\htdocs...')
#2 C:\xampp\htdocs\ci_project\system\View\View.php(213): CodeIgniter\View\View->CodeIgniter\View\{closure}()
#3 C:\xampp\htdocs\ci_project\system\Common.php(1089): CodeIgniter\View\View->render('userDashboard/d...', Array, true)
#4 C:\xampp\htdocs\ci_project\app\Controllers\Dashboard.php(11): view('userDashboard/d...')
#5 C:\xampp\htdocs\ci_project\system\CodeIgniter.php(832): App\Controllers\Dashboard->index()
#6 C:\xampp\htdocs\ci_project\system\CodeIgniter.php(419): CodeIgniter\CodeIgniter->runController(Object(App\Controllers\Dashboard))
#7 C:\xampp\htdocs\ci_project\system\CodeIgniter.php(326): CodeIgniter\CodeIgniter->handleRequest(NULL, Object(Config\Cache), false)
#8 C:\xampp\htdocs\ci_project\index.php(37): CodeIgniter\CodeIgniter->run()
#9 {main}
