CRITICAL - 2022-03-29 06:21:31 --> Trying to access array offset on value of type null
#0 C:\xampp\htdocs\ci_project\app\Views\edit_view.php(22): CodeIgniter\Debug\Exceptions->errorHandler(2, 'Trying to acces...', 'C:\\xampp\\htdocs...', 22)
#1 C:\xampp\htdocs\ci_project\system\View\View.php(210): include('C:\\xampp\\htdocs...')
#2 C:\xampp\htdocs\ci_project\system\View\View.php(213): CodeIgniter\View\View->CodeIgniter\View\{closure}()
#3 C:\xampp\htdocs\ci_project\system\Common.php(1089): CodeIgniter\View\View->render('edit_view', Array, true)
#4 C:\xampp\htdocs\ci_project\app\Controllers\UserCrud.php(32): view('edit_view', Array)
#5 C:\xampp\htdocs\ci_project\system\CodeIgniter.php(832): App\Controllers\UserCrud->singleUser('8')
#6 C:\xampp\htdocs\ci_project\system\CodeIgniter.php(419): CodeIgniter\CodeIgniter->runController(Object(App\Controllers\UserCrud))
#7 C:\xampp\htdocs\ci_project\system\CodeIgniter.php(326): CodeIgniter\CodeIgniter->handleRequest(NULL, Object(Config\Cache), false)
#8 C:\xampp\htdocs\ci_project\index.php(37): CodeIgniter\CodeIgniter->run()
#9 {main}
CRITICAL - 2022-03-29 07:28:08 --> Undefined array key "user_id "
#0 C:\xampp\htdocs\ci_project\app\Views\user_view.php(35): CodeIgniter\Debug\Exceptions->errorHandler(2, 'Undefined array...', 'C:\\xampp\\htdocs...', 35)
#1 C:\xampp\htdocs\ci_project\system\View\View.php(210): include('C:\\xampp\\htdocs...')
#2 C:\xampp\htdocs\ci_project\system\View\View.php(213): CodeIgniter\View\View->CodeIgniter\View\{closure}()
#3 C:\xampp\htdocs\ci_project\system\Common.php(1089): CodeIgniter\View\View->render('user_view', Array, true)
#4 C:\xampp\htdocs\ci_project\app\Controllers\UserCrud.php(11): view('user_view', Array)
#5 C:\xampp\htdocs\ci_project\system\CodeIgniter.php(832): App\Controllers\UserCrud->index()
#6 C:\xampp\htdocs\ci_project\system\CodeIgniter.php(419): CodeIgniter\CodeIgniter->runController(Object(App\Controllers\UserCrud))
#7 C:\xampp\htdocs\ci_project\system\CodeIgniter.php(326): CodeIgniter\CodeIgniter->handleRequest(NULL, Object(Config\Cache), false)
#8 C:\xampp\htdocs\ci_project\index.php(37): CodeIgniter\CodeIgniter->run()
#9 {main}
CRITICAL - 2022-03-29 07:28:50 --> Undefined array key "user_id "
#0 C:\xampp\htdocs\ci_project\app\Views\user_view.php(35): CodeIgniter\Debug\Exceptions->errorHandler(2, 'Undefined array...', 'C:\\xampp\\htdocs...', 35)
#1 C:\xampp\htdocs\ci_project\system\View\View.php(210): include('C:\\xampp\\htdocs...')
#2 C:\xampp\htdocs\ci_project\system\View\View.php(213): CodeIgniter\View\View->CodeIgniter\View\{closure}()
#3 C:\xampp\htdocs\ci_project\system\Common.php(1089): CodeIgniter\View\View->render('user_view', Array, true)
#4 C:\xampp\htdocs\ci_project\app\Controllers\UserCrud.php(11): view('user_view', Array)
#5 C:\xampp\htdocs\ci_project\system\CodeIgniter.php(832): App\Controllers\UserCrud->index()
#6 C:\xampp\htdocs\ci_project\system\CodeIgniter.php(419): CodeIgniter\CodeIgniter->runController(Object(App\Controllers\UserCrud))
#7 C:\xampp\htdocs\ci_project\system\CodeIgniter.php(326): CodeIgniter\CodeIgniter->handleRequest(NULL, Object(Config\Cache), false)
#8 C:\xampp\htdocs\ci_project\index.php(37): CodeIgniter\CodeIgniter->run()
#9 {main}
CRITICAL - 2022-03-29 07:28:52 --> Undefined array key "user_id "
#0 C:\xampp\htdocs\ci_project\app\Views\user_view.php(35): CodeIgniter\Debug\Exceptions->errorHandler(2, 'Undefined array...', 'C:\\xampp\\htdocs...', 35)
#1 C:\xampp\htdocs\ci_project\system\View\View.php(210): include('C:\\xampp\\htdocs...')
#2 C:\xampp\htdocs\ci_project\system\View\View.php(213): CodeIgniter\View\View->CodeIgniter\View\{closure}()
#3 C:\xampp\htdocs\ci_project\system\Common.php(1089): CodeIgniter\View\View->render('user_view', Array, true)
#4 C:\xampp\htdocs\ci_project\app\Controllers\UserCrud.php(11): view('user_view', Array)
#5 C:\xampp\htdocs\ci_project\system\CodeIgniter.php(832): App\Controllers\UserCrud->index()
#6 C:\xampp\htdocs\ci_project\system\CodeIgniter.php(419): CodeIgniter\CodeIgniter->runController(Object(App\Controllers\UserCrud))
#7 C:\xampp\htdocs\ci_project\system\CodeIgniter.php(326): CodeIgniter\CodeIgniter->handleRequest(NULL, Object(Config\Cache), false)
#8 C:\xampp\htdocs\ci_project\index.php(37): CodeIgniter\CodeIgniter->run()
#9 {main}
CRITICAL - 2022-03-29 07:28:53 --> Undefined array key "user_id "
#0 C:\xampp\htdocs\ci_project\app\Views\user_view.php(35): CodeIgniter\Debug\Exceptions->errorHandler(2, 'Undefined array...', 'C:\\xampp\\htdocs...', 35)
#1 C:\xampp\htdocs\ci_project\system\View\View.php(210): include('C:\\xampp\\htdocs...')
#2 C:\xampp\htdocs\ci_project\system\View\View.php(213): CodeIgniter\View\View->CodeIgniter\View\{closure}()
#3 C:\xampp\htdocs\ci_project\system\Common.php(1089): CodeIgniter\View\View->render('user_view', Array, true)
#4 C:\xampp\htdocs\ci_project\app\Controllers\UserCrud.php(11): view('user_view', Array)
#5 C:\xampp\htdocs\ci_project\system\CodeIgniter.php(832): App\Controllers\UserCrud->index()
#6 C:\xampp\htdocs\ci_project\system\CodeIgniter.php(419): CodeIgniter\CodeIgniter->runController(Object(App\Controllers\UserCrud))
#7 C:\xampp\htdocs\ci_project\system\CodeIgniter.php(326): CodeIgniter\CodeIgniter->handleRequest(NULL, Object(Config\Cache), false)
#8 C:\xampp\htdocs\ci_project\index.php(37): CodeIgniter\CodeIgniter->run()
#9 {main}
CRITICAL - 2022-03-29 09:19:35 --> Class "App\Models\UserModel" not found
#0 C:\xampp\htdocs\ci_project\system\CodeIgniter.php(832): App\Controllers\UserCrud->index()
#1 C:\xampp\htdocs\ci_project\system\CodeIgniter.php(419): CodeIgniter\CodeIgniter->runController(Object(App\Controllers\UserCrud))
#2 C:\xampp\htdocs\ci_project\system\CodeIgniter.php(326): CodeIgniter\CodeIgniter->handleRequest(NULL, Object(Config\Cache), false)
#3 C:\xampp\htdocs\ci_project\index.php(37): CodeIgniter\CodeIgniter->run()
#4 {main}
CRITICAL - 2022-03-29 10:32:28 --> Undefined array key "user_name"
#0 C:\xampp\htdocs\ci_project\app\Views\user_view.php(36): CodeIgniter\Debug\Exceptions->errorHandler(2, 'Undefined array...', 'C:\\xampp\\htdocs...', 36)
#1 C:\xampp\htdocs\ci_project\system\View\View.php(210): include('C:\\xampp\\htdocs...')
#2 C:\xampp\htdocs\ci_project\system\View\View.php(213): CodeIgniter\View\View->CodeIgniter\View\{closure}()
#3 C:\xampp\htdocs\ci_project\system\Common.php(1089): CodeIgniter\View\View->render('user_view', Array, true)
#4 C:\xampp\htdocs\ci_project\app\Controllers\UserCrud.php(11): view('user_view', Array)
#5 C:\xampp\htdocs\ci_project\system\CodeIgniter.php(832): App\Controllers\UserCrud->index()
#6 C:\xampp\htdocs\ci_project\system\CodeIgniter.php(419): CodeIgniter\CodeIgniter->runController(Object(App\Controllers\UserCrud))
#7 C:\xampp\htdocs\ci_project\system\CodeIgniter.php(326): CodeIgniter\CodeIgniter->handleRequest(NULL, Object(Config\Cache), false)
#8 C:\xampp\htdocs\ci_project\index.php(37): CodeIgniter\CodeIgniter->run()
#9 {main}
